\BOOKMARK [0][-]{chapter.1}{\376\377\000W\000s\000t\001\031\000p\000\040\000i\000\040\000c\000e\000l\000\040\000p\000r\000a\000c\000y\000\040\000\050\000K\000o\000n\000r\000a\000d\000\040\000C\000z\000a\000r\000n\000e\000c\000k\000i\000\051}{}% 1
\BOOKMARK [0][-]{chapter.2}{\376\377\000W\000p\000r\000o\000w\000a\000d\000z\000e\000n\000i\000e\000\040\000d\000o\000\040\000d\000z\000i\000e\000d\000z\000i\000n\000y\000\040\000\050\000K\000o\000n\000r\000a\000d\000\040\000C\000z\000a\000r\000n\000e\000c\000k\000i\000\051}{}% 2
\BOOKMARK [1][-]{section.2.1}{\376\377\000R\000o\000l\000a\000\040\000t\000e\000c\000h\000n\000o\000l\000o\000g\000i\000i\000\040\000w\000\040\000e\000d\000u\000k\000a\000c\000j\000i}{chapter.2}% 3
\BOOKMARK [2][-]{subsection.2.1.1}{\376\377\000N\000o\000w\000o\000c\000z\000e\000s\000n\000e\000\040\000m\000e\000t\000o\000d\000y\000\040\000n\000a\000u\000c\000z\000a\000n\000i\000a\000\040\000m\000a\000t\000e\000m\000a\000t\000y\000k\000i}{section.2.1}% 4
\BOOKMARK [2][-]{subsection.2.1.2}{\376\377\000G\000a\000m\000i\000f\000i\000k\000a\000c\000j\000a\000\040\000w\000\040\000e\000d\000u\000k\000a\000c\000j\000i}{section.2.1}% 5
\BOOKMARK [1][-]{section.2.2}{\376\377\000E\000d\000u\000k\000a\000c\000y\000j\000n\000e\000\040\000z\000a\000s\000t\000o\000s\000o\000w\000a\000n\000i\000a\000\040\000e\000s\000c\000a\000p\000e\000\040\000r\000o\000o\000m\000\363\000w}{chapter.2}% 6
\BOOKMARK [2][-]{subsection.2.2.1}{\376\377\000H\000i\000s\000t\000o\000r\000i\000a\000\040\000i\000\040\000d\000e\000f\000i\000n\000i\000c\000j\000a\000\040\000e\000s\000c\000a\000p\000e\000\040\000r\000o\000o\000m\000u}{section.2.2}% 7
\BOOKMARK [2][-]{subsection.2.2.2}{\376\377\000E\000s\000c\000a\000p\000e\000\040\000r\000o\000o\000m\000y\000\040\000j\000a\000k\000o\000\040\000m\000e\000t\000o\000d\000a\000\040\000a\000k\000t\000y\000w\000i\000z\000a\000c\000j\000i\000\040\000u\000c\000z\000n\000i\000\363\000w}{section.2.2}% 8
\BOOKMARK [1][-]{section.2.3}{\376\377\000W\000i\000r\000t\000u\000a\000l\000n\000a\000\040\000r\000z\000e\000c\000z\000y\000w\000i\000s\000t\000o\001\133\001\007}{chapter.2}% 9
\BOOKMARK [2][-]{subsection.2.3.1}{\376\377\000W\000i\000r\000t\000u\000a\000l\000n\000a\000\040\000r\000z\000e\000c\000z\000y\000w\000i\000s\000t\000o\001\133\001\007\000\040\000i\000\040\000j\000e\000j\000\040\000z\000a\000s\000t\000o\000s\000o\000w\000a\000n\000i\000e\000\040\000w\000\040\000n\000a\000u\000c\000e}{section.2.3}% 10
\BOOKMARK [2][-]{subsection.2.3.2}{\376\377\000W\000p\001\102\000y\000w\000\040\000i\000n\000t\000e\000r\000a\000k\000t\000y\000w\000n\000o\001\133\000c\000i\000\040\000n\000a\000\040\000z\000a\000a\000n\000g\000a\001\174\000o\000w\000a\000n\000i\000e\000\040\000g\000r\000a\000c\000z\000a}{section.2.3}% 11
\BOOKMARK [0][-]{chapter.3}{\376\377\000A\000n\000a\000l\000i\000z\000a\000\040\000i\000s\000t\000n\000i\000e\000j\001\005\000c\000y\000c\000h\000\040\000r\000o\000z\000w\000i\001\005\000z\000a\001\104\000\040\000\050\000J\000a\000n\000\040\000W\000a\000l\000c\000z\000a\000k\000\051}{}% 12
\BOOKMARK [1][-]{section.3.1}{\376\377\000W\000i\000r\000t\000u\000a\000l\000n\000y\000\040\000p\000o\000k\000\363\000j\000\040\000z\000a\000g\000a\000d\000e\000k\000\040\000z\000\040\000z\000a\000k\000r\000e\000s\000u\000\040\000m\000a\000t\000e\000m\000a\000t\000y\000k\000i}{chapter.3}% 13
\BOOKMARK [2][-]{subsection.3.1.1}{\376\377\000P\000r\000o\000j\000e\000k\000t\000\040\000i\000\040\000i\000m\000p\000l\000e\000m\000e\000n\000t\000a\000c\000j\000a}{section.3.1}% 14
\BOOKMARK [2][-]{subsection.3.1.2}{\376\377\000P\000r\000z\000e\000p\000r\000o\000w\000a\000d\000z\000o\000n\000e\000\040\000b\000a\000d\000a\000n\000i\000a}{section.3.1}% 15
\BOOKMARK [1][-]{section.3.2}{\376\377\000W\000n\000i\000o\000s\000k\000i\000\040\000z\000\040\000a\000n\000a\000l\000i\000z\000y\000\040\000d\000o\000s\000t\001\031\000p\000n\000y\000c\000h\000\040\000r\000o\000z\000w\000i\001\005\000z\000a\001\104}{chapter.3}% 16
\BOOKMARK [0][-]{chapter.4}{\376\377\000P\000r\000o\000j\000e\000k\000t\000\040\000s\000y\000s\000t\000e\000m\000u}{}% 17
\BOOKMARK [1][-]{section.4.1}{\376\377\000W\000y\000m\000a\000g\000a\000n\000i\000a\000\040\000f\000u\000n\000k\000c\000j\000o\000n\000a\000l\000n\000e\000\040\000i\000\040\000n\000i\000e\000f\000u\000n\000k\000c\000j\000o\000n\000a\000l\000n\000e\000\040\000\050\000K\000o\000n\000r\000a\000d\000\040\000C\000z\000a\000r\000n\000e\000c\000k\000i\000\051}{chapter.4}% 18
\BOOKMARK [2][-]{subsection.4.1.1}{\376\377\000W\000y\000m\000a\000g\000a\000n\000i\000a\000\040\000f\000u\000n\000k\000c\000j\000o\000n\000a\000l\000n\000e}{section.4.1}% 19
\BOOKMARK [2][-]{subsection.4.1.2}{\376\377\000W\000y\000m\000a\000g\000a\000n\000i\000a\000\040\000n\000i\000e\000f\000u\000n\000k\000c\000j\000o\000n\000a\000l\000n\000e}{section.4.1}% 20
\BOOKMARK [1][-]{section.4.2}{\376\377\000S\000c\000e\000n\000a\000r\000i\000u\000s\000z\000\040\000g\000r\000y\000\040\000\050\000K\000o\000n\000r\000a\000d\000\040\000C\000z\000a\000r\000n\000e\000c\000k\000i\000\051}{chapter.4}% 21
\BOOKMARK [1][-]{section.4.3}{\376\377\000M\000o\000d\000e\000l\000\040\000p\000r\000z\000y\000p\000a\000d\000k\000\363\000w\000\040\000u\001\174\000y\000c\000i\000a\000\050\000A\000n\000d\000r\000i\000i\000\040\000D\000e\000m\000y\000s\000h\000y\000n\000\051}{chapter.4}% 22
\BOOKMARK [1][-]{section.4.4}{\376\377\000P\000r\000o\000j\000e\000k\000t\000\040\000a\000r\000c\000h\000i\000t\000e\000k\000t\000u\000r\000y\000\040\000s\000y\000s\000t\000e\000m\000u\000\050\000A\000n\000d\000r\000i\000i\000\040\000D\000e\000m\000y\000s\000h\000y\000n\000\051}{chapter.4}% 23
\BOOKMARK [1][-]{section.4.5}{\376\377\000P\000r\000o\000j\000e\000k\000t\000\040\000i\000n\000t\000e\000r\000f\000e\000j\000s\000u\000\040\000u\001\174\000y\000t\000k\000o\000w\000n\000i\000k\000a\000\040\000i\000\040\001\133\000r\000o\000d\000o\000w\000i\000s\000k\000a\000\040\000g\000r\000y\000\050\000A\000n\000d\000r\000i\000i\000\040\000D\000e\000m\000y\000s\000h\000y\000n\000\051}{chapter.4}% 24
\BOOKMARK [0][-]{chapter.5}{\376\377\000T\000e\000c\000h\000n\000o\000l\000o\000g\000i\000e\000\040\000i\000\040\000n\000a\000r\000z\001\031\000d\000z\000i\000a\000\040\000\050\000K\000o\000n\000r\000a\000d\000\040\000C\000z\000a\000r\000n\000e\000c\000k\000i\000\051}{}% 25
\BOOKMARK [1][-]{section.5.1}{\376\377\000S\000i\000l\000n\000i\000k\000\040\000g\000r\000y}{chapter.5}% 26
\BOOKMARK [1][-]{section.5.2}{\376\377\000L\000a\000b\000o\000r\000a\000t\000o\000r\000i\000u\000m\000\040\000Z\000a\000n\000u\000r\000z\000o\000n\000e\000j\000\040\000W\000i\000z\000u\000a\000l\000i\000z\000a\000c\000j\000i\000\040\000P\000r\000z\000e\000s\000t\000r\000z\000e\000n\000n\000e\000j}{chapter.5}% 27
\BOOKMARK [1][-]{section.5.3}{\376\377\001\132\000r\000o\000d\000o\000w\000i\000s\000k\000o\000\040\0003\000D}{chapter.5}% 28
\BOOKMARK [1][-]{section.5.4}{\376\377\000S\000y\000s\000t\000e\000m\000\040\000k\000o\000n\000t\000r\000o\000l\000i\000\040\000w\000e\000r\000s\000j\000i}{chapter.5}% 29
\BOOKMARK [0][-]{chapter.6}{\376\377\000O\000r\000g\000a\000n\000i\000z\000a\000c\000j\000a\000\040\000p\000r\000a\000c\000y\000\040\000\050\000J\000a\000n\000\040\000W\000a\000l\000c\000z\000a\000k\000\051}{}% 30
\BOOKMARK [1][-]{section.6.1}{\376\377\000S\000y\000s\000t\000e\000m\000\040\000k\000o\000n\000t\000r\000o\000l\000i\000\040\000w\000e\000r\000s\000j\000i}{chapter.6}% 31
\BOOKMARK [2][-]{subsection.6.1.1}{\376\377\000Z\000a\000s\000t\000o\000s\000o\000w\000a\000n\000e\000\040\000r\000o\000z\000w\000i\001\005\000z\000a\000n\000i\000e}{section.6.1}% 32
\BOOKMARK [2][-]{subsection.6.1.2}{\376\377\000K\000o\000n\000t\000r\000o\000l\000a\000\040\000p\000r\000z\000e\000p\001\102\000y\000w\000u}{section.6.1}% 33
\BOOKMARK [2][-]{subsection.6.1.3}{\376\377\001\101\001\005\000c\000z\000e\000n\000i\000e\000\040\000g\000a\001\102\001\031\000z\000i}{section.6.1}% 34
\BOOKMARK [2][-]{subsection.6.1.4}{\376\377\000P\000r\000z\000e\000c\000h\000o\000w\000y\000w\000a\000n\000i\000e\000\040\000d\000u\001\174\000y\000c\000h\000\040\000p\000l\000i\000k\000\363\000w\000\040\040\023\000\040\000G\000i\000t\000\040\000L\000F\000S}{section.6.1}% 35
\BOOKMARK [1][-]{section.6.2}{\376\377\000T\000a\000b\000l\000i\000c\000a\000\040\000K\000a\000n\000b\000a\000n}{chapter.6}% 36
\BOOKMARK [0][-]{chapter.7}{\376\377\000W\000s\000t\001\031\000p\000n\000y\000\040\000p\000r\000o\000j\000e\000k\000t\000\040\000z\000a\000g\000a\000d\000e\000k}{}% 37
\BOOKMARK [1][-]{section.7.1}{\376\377\000Z\000a\000d\000a\000n\000i\000e\000\040\0001\000\040\040\023\000\040\000W\000z\000o\000r\000y\000\040\000s\000k\000r\000\363\000c\000o\000n\000e\000g\000o\000\040\000m\000n\000o\001\174\000e\000n\000i\000a\000\040\000\050\000A\000n\000d\000r\000i\000i\000\040\000D\000e\000m\000y\000s\000h\000y\000n\000\051}{chapter.7}% 38
\BOOKMARK [2][-]{subsection.7.1.1}{\376\377\000C\000e\000l\000\040\000z\000a\000d\000a\000n\000i\000a}{section.7.1}% 39
\BOOKMARK [2][-]{subsection.7.1.2}{\376\377\000Z\000a\000s\000a\000d\000y\000\040\000d\000z\000i\000a\001\102\000a\000n\000i\000a}{section.7.1}% 40
\BOOKMARK [2][-]{subsection.7.1.3}{\376\377\000Z\000a\000k\000o\001\104\000c\000z\000e\000n\000i\000e\000\040\000z\000a\000d\000a\000n\000i\000a}{section.7.1}% 41
\BOOKMARK [1][-]{section.7.2}{\376\377\000Z\000a\000d\000a\000n\000i\000e\000\040\0002\000\040\040\023\000\040\000P\000l\000a\000n\000i\000m\000e\000t\000r\000i\000a\000\040\000\050\000J\000a\000n\000\040\000W\000a\000l\000c\000z\000a\000k\000\051}{chapter.7}% 42
\BOOKMARK [2][-]{subsection.7.2.1}{\376\377\000C\000e\000l\000\040\000z\000a\000d\000a\000n\000i\000a}{section.7.2}% 43
\BOOKMARK [2][-]{subsection.7.2.2}{\376\377\000Z\000a\000s\000a\000d\000y\000\040\000d\000z\000i\000a\001\102\000a\000n\000i\000a}{section.7.2}% 44
\BOOKMARK [2][-]{subsection.7.2.3}{\376\377\000Z\000a\000k\000o\001\104\000c\000z\000e\000n\000i\000e\000\040\000z\000a\000d\000a\000n\000i\000a}{section.7.2}% 45
\BOOKMARK [1][-]{section.7.3}{\376\377\000Z\000a\000d\000a\000n\000i\000e\000\040\0003\000\040\040\023\000\040\000N\000i\000e\000r\000\363\000w\000n\000o\001\133\000c\000i\000\040\000\050\000K\000o\000n\000r\000a\000d\000\040\000C\000z\000a\000r\000n\000e\000c\000k\000i\000\051}{chapter.7}% 46
\BOOKMARK [2][-]{subsection.7.3.1}{\376\377\000C\000e\000l\000\040\000z\000a\000d\000a\000n\000i\000a}{section.7.3}% 47
\BOOKMARK [2][-]{subsection.7.3.2}{\376\377\000Z\000a\000s\000a\000d\000y\000\040\000d\000z\000i\000a\001\102\000a\000n\000i\000a}{section.7.3}% 48
\BOOKMARK [2][-]{subsection.7.3.3}{\376\377\000Z\000a\000k\000o\001\104\000c\000z\000e\000n\000i\000e\000\040\000z\000a\000d\000a\000n\000i\000a}{section.7.3}% 49
\BOOKMARK [1][-]{section.7.4}{\376\377\000Z\000a\000d\000a\000n\000i\000e\000\040\0004\000\040\040\023\000\040\000F\000u\000n\000k\000c\000j\000e\000\040\000\050\000K\000o\000n\000r\000a\000d\000\040\000C\000z\000a\000r\000n\000e\000c\000k\000i\000\051}{chapter.7}% 50
\BOOKMARK [2][-]{subsection.7.4.1}{\376\377\000C\000e\000l\000\040\000z\000a\000d\000a\000n\000i\000a}{section.7.4}% 51
\BOOKMARK [2][-]{subsection.7.4.2}{\376\377\000Z\000a\000s\000a\000d\000y\000\040\000d\000z\000i\000a\001\102\000a\000n\000i\000a}{section.7.4}% 52
\BOOKMARK [2][-]{subsection.7.4.3}{\376\377\000Z\000a\000k\000o\001\104\000c\000z\000e\000n\000i\000e\000\040\000z\000a\000d\000a\000n\000i\000a}{section.7.4}% 53
\BOOKMARK [1][-]{section.7.5}{\376\377\000Z\000a\000d\000a\000n\000i\000e\000\040\0005\000\040\040\023\000\040\000G\000e\000o\000m\000e\000t\000r\000i\000a\000\040\000a\000n\000a\000l\000i\000t\000y\000c\000z\000n\000a\000\040\000\050\000K\000o\000n\000r\000a\000d\000\040\000C\000z\000a\000r\000n\000e\000c\000k\000i\000\051}{chapter.7}% 54
\BOOKMARK [2][-]{subsection.7.5.1}{\376\377\000C\000e\000l\000\040\000z\000a\000d\000a\000n\000i\000a}{section.7.5}% 55
\BOOKMARK [2][-]{subsection.7.5.2}{\376\377\000Z\000a\000s\000a\000d\000y\000\040\000d\000z\000i\000a\001\102\000a\000n\000i\000a}{section.7.5}% 56
\BOOKMARK [2][-]{subsection.7.5.3}{\376\377\000Z\000a\000k\000o\001\104\000c\000z\000e\000n\000i\000e\000\040\000z\000a\000d\000a\000n\000i\000a}{section.7.5}% 57
\BOOKMARK [1][-]{section.7.6}{\376\377\000Z\000a\000d\000a\000n\000i\000e\000\040\0006\000\040\040\023\000\040\000K\000o\000m\000b\000i\000n\000a\000t\000o\000r\000y\000k\000a\000\040\000\050\000A\000n\000d\000r\000i\000i\000\040\000D\000e\000m\000y\000s\000h\000y\000n\000\051}{chapter.7}% 58
\BOOKMARK [2][-]{subsection.7.6.1}{\376\377\000C\000e\000l\000\040\000z\000a\000d\000a\000n\000i\000a}{section.7.6}% 59
\BOOKMARK [2][-]{subsection.7.6.2}{\376\377\000Z\000a\000s\000a\000d\000y\000\040\000d\000z\000i\000a\001\102\000a\000n\000i\000a}{section.7.6}% 60
\BOOKMARK [2][-]{subsection.7.6.3}{\376\377\000Z\000a\000k\000o\001\104\000c\000z\000e\000n\000i\000e\000\040\000z\000a\000d\000a\000n\000i\000a}{section.7.6}% 61
\BOOKMARK [1][-]{section.7.7}{\376\377\000Z\000a\000d\000a\000n\000i\000e\000\040\0007\000\040\040\023\000\040\000L\000i\000c\000z\000b\000y\000\040\000r\000z\000e\000c\000z\000y\000w\000i\000s\000t\000e\000\040\000i\000\040\000d\000z\000i\000a\001\102\000a\000n\000i\000a\000\040\000n\000a\000\040\000z\000b\000i\000o\000r\000a\000c\000h\000\040\000l\000i\000c\000z\000b\000o\000w\000y\000c\000h\000\040\000\050\000J\000a\000n\000\040\000W\000a\000l\000c\000z\000a\000k\000\051}{chapter.7}% 62
\BOOKMARK [2][-]{subsection.7.7.1}{\376\377\000C\000e\000l\000\040\000z\000a\000d\000a\000n\000i\000a}{section.7.7}% 63
\BOOKMARK [2][-]{subsection.7.7.2}{\376\377\000Z\000a\000s\000a\000d\000y\000\040\000d\000z\000i\000a\001\102\000a\000n\000i\000a}{section.7.7}% 64
\BOOKMARK [2][-]{subsection.7.7.3}{\376\377\000Z\000a\000k\000o\001\104\000c\000z\000e\000n\000i\000e\000\040\000z\000a\000d\000a\000n\000i\000a}{section.7.7}% 65
\BOOKMARK [1][-]{section.7.8}{\376\377\000Z\000a\000d\000a\000n\000i\000e\000\040\0008\000\040\040\023\000\040\000Z\000n\000a\000k\000i\000\040\000f\000u\000n\000k\000c\000j\000i\000\040\000t\000r\000y\000g\000o\000n\000o\000m\000e\000t\000r\000y\000c\000z\000n\000y\000c\000h\000\040\000\050\000K\000o\000n\000r\000a\000d\000\040\000C\000z\000a\000r\000n\000e\000c\000k\000i\000\051}{chapter.7}% 66
\BOOKMARK [2][-]{subsection.7.8.1}{\376\377\000C\000e\000l\000\040\000z\000a\000d\000a\000n\000i\000a}{section.7.8}% 67
\BOOKMARK [2][-]{subsection.7.8.2}{\376\377\000Z\000a\000s\000a\000d\000y\000\040\000d\000z\000i\000a\001\102\000a\000n\000i\000a}{section.7.8}% 68
\BOOKMARK [2][-]{subsection.7.8.3}{\376\377\000Z\000a\000k\000o\001\104\000c\000z\000e\000n\000i\000e\000\040\000z\000a\000d\000a\000n\000i\000a}{section.7.8}% 69
\BOOKMARK [1][-]{section.7.9}{\376\377\000Z\000a\000d\000a\000n\000i\000e\000\040\0009\000\040\040\023\000\040\000C\000i\001\005\000g\000i\000\040\000l\000i\000c\000z\000b\000o\000w\000e\000\040\000\050\000J\000a\000n\000\040\000W\000a\000l\000c\000z\000a\000k\000\051}{chapter.7}% 70
\BOOKMARK [2][-]{subsection.7.9.1}{\376\377\000C\000e\000l\000\040\000z\000a\000d\000a\000n\000i\000a}{section.7.9}% 71
\BOOKMARK [2][-]{subsection.7.9.2}{\376\377\000Z\000a\000s\000a\000d\000y\000\040\000d\000z\000i\000a\001\102\000a\000n\000i\000a}{section.7.9}% 72
\BOOKMARK [2][-]{subsection.7.9.3}{\376\377\000Z\000a\000k\000o\001\104\000c\000z\000e\000n\000i\000e\000\040\000z\000a\000d\000a\000n\000i\000a}{section.7.9}% 73
\BOOKMARK [1][-]{section.7.10}{\376\377\000Z\000a\000d\000a\000n\000i\000e\000\040\0001\0000\000\040\040\023\000\040\000P\000r\000a\000w\000d\000o\000p\000o\000d\000o\000b\000i\000e\001\104\000s\000t\000w\000o\000\040\000\050\000A\000n\000d\000r\000i\000i\000\040\000D\000e\000m\000y\000s\000h\000y\000n\000\051}{chapter.7}% 74
\BOOKMARK [2][-]{subsection.7.10.1}{\376\377\000C\000e\000l\000\040\000z\000a\000d\000a\000n\000i\000a}{section.7.10}% 75
\BOOKMARK [2][-]{subsection.7.10.2}{\376\377\000Z\000a\000s\000a\000d\000y\000\040\000d\000z\000i\000a\001\102\000a\000n\000i\000a}{section.7.10}% 76
\BOOKMARK [2][-]{subsection.7.10.3}{\376\377\000Z\000a\000k\000o\001\104\000c\000z\000e\000n\000i\000e\000\040\000z\000a\000d\000a\000n\000i\000a}{section.7.10}% 77
\BOOKMARK [1][-]{section.7.11}{\376\377\000Z\000a\000d\000a\000n\000i\000e\000\040\0001\0001\000\040\040\023\000\040\000O\000p\000t\000y\000m\000a\000l\000i\000z\000a\000c\000j\000a\000\040\000i\000\040\000r\000a\000c\000h\000u\000n\000e\000k\000\040\000r\000\363\001\174\000n\000i\000c\000z\000k\000o\000w\000y\000\040\000\050\000A\000n\000d\000r\000i\000i\000\040\000D\000e\000m\000y\000s\000h\000y\000n\000\051}{chapter.7}% 78
\BOOKMARK [2][-]{subsection.7.11.1}{\376\377\000C\000e\000l\000\040\000z\000a\000d\000a\000n\000i\000a}{section.7.11}% 79
\BOOKMARK [2][-]{subsection.7.11.2}{\376\377\000Z\000a\000s\000a\000d\000y\000\040\000d\000z\000i\000a\001\102\000a\000n\000i\000a}{section.7.11}% 80
\BOOKMARK [2][-]{subsection.7.11.3}{\376\377\000Z\000a\000k\000o\001\104\000c\000z\000e\000n\000i\000e\000\040\000z\000a\000d\000a\000n\000i\000a}{section.7.11}% 81
\BOOKMARK [1][-]{section.7.12}{\376\377\000Z\000a\000d\000a\000n\000i\000e\000\040\0001\0002\000\040\040\023\000\040\000U\000k\001\102\000a\000d\000y\000\040\000r\000\363\000w\000n\000a\001\104\000\040\000\050\000A\000n\000d\000r\000i\000i\000\040\000D\000e\000m\000y\000s\000h\000y\000n\000\051}{chapter.7}% 82
\BOOKMARK [2][-]{subsection.7.12.1}{\376\377\000C\000e\000l\000\040\000z\000a\000d\000a\000n\000i\000a}{section.7.12}% 83
\BOOKMARK [2][-]{subsection.7.12.2}{\376\377\000Z\000a\000s\000a\000d\000y\000\040\000d\000z\000i\000a\001\102\000a\000n\000i\000a}{section.7.12}% 84
\BOOKMARK [2][-]{subsection.7.12.3}{\376\377\000Z\000a\000k\000o\001\104\000c\000z\000e\000n\000i\000e\000\040\000z\000a\000d\000a\000n\000i\000a}{section.7.12}% 85
\BOOKMARK [1][-]{section.7.13}{\376\377\000Z\000a\000d\000a\000n\000i\000e\000\040\0001\0003\000\040\040\023\000\040\000S\000t\000e\000r\000e\000o\000m\000e\000t\000r\000i\000a\000\040\000\050\000J\000a\000n\000\040\000W\000a\000l\000c\000z\000a\000k\000\051}{chapter.7}% 86
\BOOKMARK [2][-]{subsection.7.13.1}{\376\377\000C\000e\000l\000\040\000z\000a\000d\000a\000n\000i\000a}{section.7.13}% 87
\BOOKMARK [2][-]{subsection.7.13.2}{\376\377\000Z\000a\000s\000a\000d\000y\000\040\000d\000z\000i\000a\001\102\000a\000n\000i\000a}{section.7.13}% 88
\BOOKMARK [2][-]{subsection.7.13.3}{\376\377\000Z\000a\000k\000o\001\104\000c\000z\000e\000n\000i\000e\000\040\000z\000a\000d\000a\000n\000i\000a}{section.7.13}% 89
\BOOKMARK [0][-]{chapter.8}{\376\377\000I\000m\000p\000l\000e\000m\000e\000n\000t\000a\000c\000j\000a\000\040\000z\000a\000g\000a\000d\000e\000k}{}% 90
\BOOKMARK [1][-]{section.8.1}{\376\377\000Z\000a\000d\000a\000n\000i\000e\000\040\0001\000\040\040\023\000\040\000w\000z\000o\000r\000y\000\040\000s\000k\000r\000\363\000c\000o\000n\000e\000g\000o\000\040\000m\000n\000o\001\174\000e\000n\000i\000a\000\040\000\050\000A\000n\000d\000r\000i\000i\000\040\000D\000e\000m\000y\000s\000h\000y\000n\000\051}{chapter.8}% 91
\BOOKMARK [2][-]{subsection.8.1.1}{\376\377\000P\000r\000o\000b\000l\000e\000m\000y\000\040\000i\000\040\000r\000\363\001\174\000n\000i\000c\000e\000\040\000w\000\040\000r\000e\000a\000l\000i\000z\000a\000c\000j\000i\000\040\000z\000a\000d\000a\000n\000i\000a\000\040\000w\000\040\000p\000r\000a\000k\000t\000y\000c\000e}{section.8.1}% 92
\BOOKMARK [2][-]{subsection.8.1.2}{\376\377\000O\000p\000i\000s\000\040\000o\000b\000i\000e\000k\000t\000\363\000w\000\040\000p\000o\000k\000o\000j\000u}{section.8.1}% 93
\BOOKMARK [2][-]{subsection.8.1.3}{\376\377\000Z\000a\000k\000o\001\104\000c\000z\000e\000n\000i\000e\000\040\000z\000a\000d\000a\000n\000i\000a}{section.8.1}% 94
\BOOKMARK [2][-]{subsection.8.1.4}{\376\377\000P\000r\000z\000e\000b\000i\000e\000g\000\040\000z\000a\000d\000a\000n\000i\000a}{section.8.1}% 95
\BOOKMARK [1][-]{section.8.2}{\376\377\000Z\000a\000d\000a\000n\000i\000e\000\040\0002\000\040\040\023\000\040\000P\000l\000a\000n\000i\000m\000e\000t\000r\000i\000a\000\040\000\050\000J\000a\000n\000\040\000W\000a\000l\000c\000z\000a\000k\000\051}{chapter.8}% 96
\BOOKMARK [2][-]{subsection.8.2.1}{\376\377\000P\000r\000o\000b\000l\000e\000m\000y\000\040\000i\000\040\000r\000\363\001\174\000n\000i\000c\000e\000\040\000w\000\040\000r\000e\000a\000l\000i\000z\000a\000c\000j\000i\000\040\000z\000a\000d\000a\000n\000i\000a\000\040\000w\000\040\000p\000r\000a\000k\000t\000y\000c\000e}{section.8.2}% 97
\BOOKMARK [2][-]{subsection.8.2.2}{\376\377\000I\000m\000p\000l\000e\000m\000e\000n\000t\000a\000c\000j\000a\000\040\000s\000t\000r\000u\000k\000t\000u\000r\000y\000\040\000d\000a\000n\000y\000c\000h\000\040\000p\000r\000z\000e\000c\000h\000o\000w\000u\000j\001\005\000c\000e\000j\000\040\000r\000e\000l\000a\000c\000j\001\031}{section.8.2}% 98
\BOOKMARK [2][-]{subsection.8.2.3}{\376\377\000I\000m\000p\000l\000e\000m\000e\000n\000t\000a\000c\000j\000a\000\040\000k\000o\000n\000t\000r\000o\000l\000e\000r\000\363\000w}{section.8.2}% 99
\BOOKMARK [2][-]{subsection.8.2.4}{\376\377\000P\000r\000z\000e\000b\000i\000e\000g\000\040\000z\000a\000d\000a\000n\000i\000a}{section.8.2}% 100
\BOOKMARK [1][-]{section.8.3}{\376\377\000Z\000a\000d\000a\000n\000i\000e\000\040\0003\000\040\040\023\000\040\000N\000i\000e\000r\000\363\000w\000n\000o\001\133\000c\000i\000\040\000\050\000K\000o\000n\000r\000a\000d\000\040\000C\000z\000a\000r\000n\000e\000c\000k\000i\000\051}{chapter.8}% 101
\BOOKMARK [2][-]{subsection.8.3.1}{\376\377\000P\000r\000o\000b\000l\000e\000m\000y\000\040\000i\000\040\000r\000\363\001\174\000n\000i\000c\000e\000\040\000w\000\040\000r\000e\000a\000l\000i\000z\000a\000c\000j\000i\000\040\000z\000a\000d\000a\000n\000i\000a\000\040\000w\000\040\000p\000r\000a\000k\000t\000y\000c\000e}{section.8.3}% 102
\BOOKMARK [2][-]{subsection.8.3.2}{\376\377\000G\001\102\000\363\000w\000n\000y\000\040\000k\000o\000n\000t\000r\000o\000l\000e\000r}{section.8.3}% 103
\BOOKMARK [2][-]{subsection.8.3.3}{\376\377\000W\000y\000b\000\363\000r\000\040\000k\000a\000f\000e\000l\000k\000\363\000w\000\040\000i\000\040\000u\000k\001\102\000a\000d\000\040\000n\000i\000e\000r\000\363\000w\000n\000o\001\133\000c\000i}{section.8.3}% 104
\BOOKMARK [2][-]{subsection.8.3.4}{\376\377\000P\000r\000z\000e\000b\000i\000e\000g\000\040\000z\000a\000d\000a\000n\000i\000a}{section.8.3}% 105
\BOOKMARK [1][-]{section.8.4}{\376\377\000Z\000a\000d\000a\000n\000i\000e\000\040\0004\000\040\040\023\000\040\000F\000u\000n\000k\000c\000j\000e\000\040\000\050\000K\000o\000n\000r\000a\000d\000\040\000C\000z\000a\000r\000n\000e\000c\000k\000i\000\051}{chapter.8}% 106
\BOOKMARK [2][-]{subsection.8.4.1}{\376\377\000P\000r\000o\000b\000l\000e\000m\000y\000\040\000i\000\040\000r\000\363\001\174\000n\000i\000c\000e\000\040\000w\000\040\000r\000e\000a\000l\000i\000z\000a\000c\000j\000i\000\040\000z\000a\000d\000a\000n\000i\000a\000\040\000w\000\040\000p\000r\000a\000k\000t\000y\000c\000e}{section.8.4}% 107
\BOOKMARK [2][-]{subsection.8.4.2}{\376\377\000W\000y\000b\000\363\000r\000\040\000d\000o\000s\000t\001\031\000p\000n\000y\000c\000h\000\040\000p\000u\000n\000k\000t\000\363\000w}{section.8.4}% 108
\BOOKMARK [2][-]{subsection.8.4.3}{\376\377\000P\000r\000z\000e\000b\000i\000e\000g\000\040\000z\000a\000d\000a\000n\000i\000a}{section.8.4}% 109
\BOOKMARK [1][-]{section.8.5}{\376\377\000Z\000a\000d\000a\000n\000i\000e\000\040\0005\000\040\040\023\000\040\000G\000e\000o\000m\000e\000t\000r\000i\000a\000\040\000a\000n\000a\000l\000i\000t\000y\000c\000z\000n\000a\000\040\000\050\000K\000o\000n\000r\000a\000d\000\040\000C\000z\000a\000r\000n\000e\000c\000k\000i\000\051}{chapter.8}% 110
\BOOKMARK [2][-]{subsection.8.5.1}{\376\377\000P\000r\000o\000b\000l\000e\000m\000y\000\040\000i\000\040\000r\000\363\001\174\000n\000i\000c\000e\000\040\000w\000\040\000r\000e\000a\000l\000i\000z\000a\000c\000j\000i\000\040\000z\000a\000d\000a\000n\000i\000a\000\040\000w\000\040\000p\000r\000a\000k\000t\000y\000c\000e}{section.8.5}% 111
\BOOKMARK [2][-]{subsection.8.5.2}{\376\377\000K\000o\000n\000t\000r\000o\000l\000e\000r\000\040\000p\000r\000z\000y\000c\000i\000s\000k\000\363\000w}{section.8.5}% 112
\BOOKMARK [2][-]{subsection.8.5.3}{\376\377\000W\000y\000b\000\363\000r\000\040\000d\000o\000s\000t\001\031\000p\000n\000y\000c\000h\000\040\000w\000z\000o\000r\000\363\000w\000\040\000f\000u\000n\000k\000c\000j\000i}{section.8.5}% 113
\BOOKMARK [2][-]{subsection.8.5.4}{\376\377\000P\000r\000z\000e\000b\000i\000e\000g\000\040\000z\000a\000d\000a\000n\000i\000a}{section.8.5}% 114
\BOOKMARK [1][-]{section.8.6}{\376\377\000Z\000a\000d\000a\000n\000i\000e\000\040\0006\000\040\040\023\000\040\000K\000o\000m\000b\000i\000n\000a\000t\000o\000r\000y\000k\000a\000\040\000\050\000A\000n\000d\000r\000i\000i\000\040\000D\000e\000m\000y\000s\000h\000y\000n\000\051}{chapter.8}% 115
\BOOKMARK [2][-]{subsection.8.6.1}{\376\377\000R\000\363\001\174\000n\000i\000c\000e\000\040\000r\000e\000a\000l\000i\000z\000a\000c\000j\000i\000\040\000z\000a\000d\000a\000n\000i\000a\000\040\000w\000\040\000p\000r\000a\000k\000t\000y\000c\000e}{section.8.6}% 116
\BOOKMARK [2][-]{subsection.8.6.2}{\376\377\000Z\000a\000i\000m\000p\000l\000e\000m\000e\000n\000t\000o\000w\000a\000n\000e\000\040\000z\000a\000g\000a\000d\000k\000i}{section.8.6}% 117
\BOOKMARK [2][-]{subsection.8.6.3}{\376\377\000S\000e\000j\000f}{section.8.6}% 118
\BOOKMARK [2][-]{subsection.8.6.4}{\376\377\000Z\000a\000k\000o\001\104\000c\000z\000e\000n\000i\000e\000\040\000z\000a\000d\000a\000n\000i\000a}{section.8.6}% 119
\BOOKMARK [2][-]{subsection.8.6.5}{\376\377\000P\000o\000d\000s\000u\000m\000o\000w\000a\000n\000i\000e}{section.8.6}% 120
\BOOKMARK [1][-]{section.8.7}{\376\377\000Z\000a\000d\000a\000n\000i\000e\000\040\0007\000\040\040\023\000\040\000L\000i\000c\000z\000b\000y\000\040\000r\000z\000e\000c\000z\000y\000w\000i\000s\000t\000e\000\040\000i\000\040\000d\000z\000i\000a\001\102\000a\000n\000i\000a\000\040\000n\000a\000\040\000z\000b\000i\000o\000r\000a\000c\000h\000\040\000l\000i\000c\000z\000b\000o\000w\000y\000c\000h\000\040\000\040\000\040\000\050\000J\000a\000n\000\040\000W\000a\000l\000c\000z\000a\000k\000\051}{chapter.8}% 121
\BOOKMARK [2][-]{subsection.8.7.1}{\376\377\000P\000r\000o\000b\000l\000e\000m\000y\000\040\000i\000\040\000r\000\363\001\174\000n\000i\000c\000e\000\040\000w\000\040\000r\000e\000a\000l\000i\000z\000a\000c\000j\000i\000\040\000z\000a\000d\000a\000n\000i\000a\000\040\000w\000\040\000p\000r\000a\000k\000t\000y\000c\000e}{section.8.7}% 122
\BOOKMARK [2][-]{subsection.8.7.2}{\376\377\000I\000m\000p\000l\000e\000m\000e\000n\000t\000a\000c\000j\000a\000\040\000z\000a\000d\000a\000n\000i\000a}{section.8.7}% 123
\BOOKMARK [2][-]{subsection.8.7.3}{\376\377\000P\000r\000z\000e\000b\000i\000e\000g\000\040\000z\000a\000d\000a\000n\000i\000a}{section.8.7}% 124
\BOOKMARK [2][-]{subsection.8.7.4}{\376\377\000I\000m\000p\000l\000e\000m\000e\000n\000t\000a\000c\000j\000a\000\040\000m\000e\000c\000h\000a\000n\000i\000z\000m\000u\000\040\000u\000z\000u\000p\000e\001\102\000n\000i\000a\000n\000i\000a\000\040\001\133\000c\000i\000a\000n\000k\000i}{section.8.7}% 125
\BOOKMARK [1][-]{section.8.8}{\376\377\000Z\000a\000d\000a\000n\000i\000e\000\040\0008\000\040\040\023\000\040\000Z\000n\000a\000k\000i\000\040\000f\000u\000n\000k\000c\000j\000i\000\040\000t\000r\000y\000g\000o\000n\000o\000m\000e\000t\000r\000y\000c\000z\000n\000y\000c\000h\000\040\000\050\000K\000o\000n\000r\000a\000d\000\040\000C\000z\000a\000r\000n\000e\000c\000k\000i\000\051}{chapter.8}% 126
\BOOKMARK [2][-]{subsection.8.8.1}{\376\377\000P\000r\000o\000b\000l\000e\000m\000y\000\040\000i\000\040\000r\000\363\001\174\000n\000i\000c\000e\000\040\000w\000\040\000r\000e\000a\000l\000i\000z\000a\000c\000j\000i\000\040\000z\000a\000d\000a\000n\000i\000a\000\040\000w\000\040\000p\000r\000a\000k\000t\000y\000c\000e}{section.8.8}% 127
\BOOKMARK [2][-]{subsection.8.8.2}{\376\377\000I\000m\000p\000l\000e\000m\000e\000n\000t\000a\000c\000j\000a\000\040\000s\000z\000e\001\133\000c\000i\000a\000n\000\363\000w}{section.8.8}% 128
\BOOKMARK [2][-]{subsection.8.8.3}{\376\377\000P\000r\000z\000e\000b\000i\000e\000g\000\040\000z\000a\000d\000a\000n\000i\000a}{section.8.8}% 129
\BOOKMARK [1][-]{section.8.9}{\376\377\000Z\000a\000d\000a\000n\000i\000e\000\040\0009\000\040\040\023\000\040\000C\000i\001\005\000g\000i\000\040\000l\000i\000c\000z\000b\000o\000w\000e\000\040\000\050\000J\000a\000n\000\040\000W\000a\000l\000c\000z\000a\000k\000\051}{chapter.8}% 130
\BOOKMARK [2][-]{subsection.8.9.1}{\376\377\000P\000r\000o\000b\000l\000e\000m\000y\000\040\000i\000\040\000r\000\363\001\174\000n\000i\000c\000e\000\040\000w\000\040\000r\000e\000a\000l\000i\000z\000a\000c\000j\000i\000\040\000z\000a\000d\000a\000n\000i\000a\000\040\000w\000\040\000p\000r\000a\000k\000t\000y\000c\000e}{section.8.9}% 131
\BOOKMARK [2][-]{subsection.8.9.2}{\376\377\000I\000m\000p\000l\000e\000m\000e\000n\000t\000a\000c\000j\000a\000\040\000p\000i\000s\000t\000o\000l\000e\000t\000u\000\040\000l\000a\000s\000e\000r\000o\000w\000e\000g\000o}{section.8.9}% 132
\BOOKMARK [2][-]{subsection.8.9.3}{\376\377\000I\000m\000p\000l\000e\000m\000e\000n\000t\000a\000c\000j\000a\000\040\000z\000a\000d\000a\000n\000i\000a}{section.8.9}% 133
\BOOKMARK [2][-]{subsection.8.9.4}{\376\377\000P\000r\000z\000e\000b\000i\000e\000g\000\040\000z\000a\000d\000a\000n\000i\000a}{section.8.9}% 134
\BOOKMARK [1][-]{section.8.10}{\376\377\000Z\000a\000d\000a\000n\000i\000e\000\040\0001\0000\000\040\040\023\000\040\000P\000r\000a\000w\000d\000o\000p\000o\000d\000o\000b\000i\000e\001\104\000s\000t\000w\000o\000\040\000\050\000A\000n\000d\000r\000i\000i\000\040\000D\000e\000m\000y\000s\000h\000y\000n\000\051}{chapter.8}% 135
\BOOKMARK [2][-]{subsection.8.10.1}{\376\377\000P\000r\000a\000k\000t\000y\000c\000z\000n\000a\000\040\000r\000e\000a\000l\000i\000z\000a\000c\000j\000a\000\040\000z\000a\000d\000a\000n\000i\000a}{section.8.10}% 136
\BOOKMARK [2][-]{subsection.8.10.2}{\376\377\000D\000e\000s\000i\000g\000n\000\040\000p\000o\000k\000o\000j\000u}{section.8.10}% 137
\BOOKMARK [2][-]{subsection.8.10.3}{\376\377\000O\000b\000i\000e\000k\000t\000\040\000s\000c\000e\000n\000y}{section.8.10}% 138
\BOOKMARK [1][-]{section.8.11}{\376\377\000Z\000a\000d\000a\000n\000i\000e\000\040\0001\0001\000\040\040\023\000\040\000O\000p\000t\000y\000m\000a\000l\000i\000z\000a\000c\000j\000a\000\040\000i\000\040\000r\000a\000c\000h\000u\000n\000e\000k\000\040\000r\000\363\001\174\000n\000i\000c\000z\000k\000o\000w\000y\000\040\000\050\000A\000n\000d\000r\000i\000i\000\040\000D\000e\000m\000y\000s\000h\000y\000n\000\051}{chapter.8}% 139
\BOOKMARK [2][-]{subsection.8.11.1}{\376\377\000P\000r\000o\000b\000l\000e\000m\000y\000\040\000i\000\040\000r\000\363\001\174\000n\000i\000c\000e\000\040\000w\000\040\000r\000e\000a\000l\000i\000z\000a\000c\000j\000i\000\040\000z\000a\000d\000a\000n\000i\000a\000\040\000w\000\040\000p\000r\000a\000k\000t\000y\000c\000e}{section.8.11}% 140
\BOOKMARK [2][-]{subsection.8.11.2}{\376\377\000P\000r\000z\000e\000b\000i\000e\000g\000\040\000z\000a\000d\000a\000n\000i\000a}{section.8.11}% 141
\BOOKMARK [2][-]{subsection.8.11.3}{\376\377\000O\000p\000i\000s\000\040\000p\000o\000k\000o\000j\000u}{section.8.11}% 142
\BOOKMARK [1][-]{section.8.12}{\376\377\000Z\000a\000d\000a\000n\000i\000e\000\040\0001\0002\000\040\040\023\000\040\000U\000k\001\102\000a\000d\000y\000\040\000r\000\363\000w\000n\000a\001\104\000\040\000\050\000A\000n\000d\000r\000i\000i\000\040\000D\000e\000m\000y\000s\000h\000y\000n\000\051}{chapter.8}% 143
\BOOKMARK [2][-]{subsection.8.12.1}{\376\377\000R\000\363\001\174\000n\000i\000c\000e\000\040\000r\000e\000a\000l\000i\000z\000a\000c\000j\000i\000\040\000z\000a\000d\000a\000n\000i\000a\000\040\000w\000\040\000p\000r\000a\000k\000t\000y\000c\000e}{section.8.12}% 144
\BOOKMARK [2][-]{subsection.8.12.2}{\376\377\000O\000p\000i\000s\000\040\000o\000b\000i\000e\000k\000t\000\363\000w\000\040\000s\000c\000e\000n\000y}{section.8.12}% 145
\BOOKMARK [2][-]{subsection.8.12.3}{\376\377\000Z\000a\000k\000o\001\104\000c\000z\000e\000n\000i\000e\000\040\000z\000a\000d\000a\000n\000i\000a}{section.8.12}% 146
\BOOKMARK [1][-]{section.8.13}{\376\377\000Z\000a\000d\000a\000n\000i\000e\000\040\0001\0003\000\040\040\023\000\040\000S\000t\000e\000r\000e\000o\000m\000e\000t\000r\000i\000a\000\040\000\050\000J\000a\000n\000\040\000W\000a\000l\000c\000z\000a\000k\000\051}{chapter.8}% 147
\BOOKMARK [2][-]{subsection.8.13.1}{\376\377\000P\000r\000o\000b\000l\000e\000m\000y\000\040\000i\000\040\000r\000\363\001\174\000n\000i\000c\000e\000\040\000w\000\040\000r\000e\000a\000l\000i\000z\000a\000c\000j\000i\000\040\000z\000a\000d\000a\000n\000i\000a\000\040\000w\000\040\000p\000r\000a\000k\000t\000y\000c\000e}{section.8.13}% 148
\BOOKMARK [2][-]{subsection.8.13.2}{\376\377\000I\000m\000p\000l\000e\000m\000e\000n\000t\000a\000c\000j\000a\000\040\000z\000a\000d\000a\000n\000i\000a}{section.8.13}% 149
\BOOKMARK [2][-]{subsection.8.13.3}{\376\377\000P\000r\000z\000e\000b\000i\000e\000g\000\040\000z\000a\000d\000a\000n\000i\000a}{section.8.13}% 150
\BOOKMARK [0][-]{chapter.9}{\376\377\000P\000o\000d\000s\000u\000m\000o\000w\000a\000n\000i\000e}{}% 151
\BOOKMARK [1][-]{section.9.1}{\376\377\000O\000c\000e\000n\000a\000\040\000r\000e\000a\000l\000i\000z\000a\000c\000j\000i\000\040\000c\000e\000l\000\363\000w}{chapter.9}% 152
\BOOKMARK [1][-]{section.9.2}{\376\377\000P\000r\000o\000p\000o\000z\000y\000c\000j\000e\000\040\000r\000o\000z\000w\000o\000j\000u\000\040\000p\000r\000o\000j\000e\000k\000t\000u}{chapter.9}% 153
\BOOKMARK [1][-]{section.9.3}{\376\377\000W\000n\000i\000o\000s\000k\000i\000\040\000k\000o\001\104\000c\000o\000w\000e}{chapter.9}% 154
\BOOKMARK [0][-]{chapter*.59}{\376\377\000W\000y\000k\000a\000z\000\040\000l\000i\000t\000e\000r\000a\000t\000u\000r\000y}{}% 155
\BOOKMARK [0][-]{chapter*.60}{\376\377\000S\000p\000i\000s\000\040\000r\000y\000s\000u\000n\000k\000\363\000w}{}% 156
\BOOKMARK [0][-]{chapter*.61}{\376\377\000S\000p\000i\000s\000\040\000t\000a\000b\000e\000l}{}% 157
