This is XeTeX, Version 3.141592653-2.6-0.999995 (MiKTeX 24.1) (preloaded format=xelatex 2025.12.27)  10 JAN 2026 17:51
entering extended mode
 restricted \write18 enabled.
 file:line:error style messages enabled.
 %&-line parsing enabled.
**"c:/Users/jasia/Documents/Unreal Projects/praca/SzablonPracyDyplomowejPgEti/SzablonPracyDyplomowejPgEti/PracaMagisterka.tex"
(c:/Users/jasia/Documents/Unreal Projects/praca/SzablonPracyDyplomowejPgEti/SzablonPracyDyplomowejPgEti/PracaMagisterka.tex
LaTeX2e <2023-11-01> patch level 1
L3 programming layer <2024-01-04>
(Szablon.cls
Document Class: Szablon 2016/02/01 Version 1.0 by Jakub Maksymiuk
****
*
* beta version of Szablon - everything may change
*
****
(C:\Users\jasia\AppData\Local\Programs\MiKTeX\tex/latex/base\report.cls
Document Class: report 2023/05/17 v1.4n Standard LaTeX document class
(C:\Users\jasia\AppData\Local\Programs\MiKTeX\tex/latex/base\size10.clo
File: size10.clo 2023/05/17 v1.4n Standard LaTeX file (size option)
)
\c@part=\count183
\c@chapter=\count184
\c@section=\count185
\c@subsection=\count186
\c@subsubsection=\count187
\c@paragraph=\count188
\c@subparagraph=\count189
\c@figure=\count190
\c@table=\count191
\abovecaptionskip=\skip48
\belowcaptionskip=\skip49
\bibindent=\dimen140
) (C:\Users\jasia\AppData\Local\Programs\MiKTeX\tex/latex/polski\polski.sty
Package: polski 2021/08/25 v1.3.6 Polish language package
) (C:\Users\jasia\AppData\Local\Programs\MiKTeX\tex/latex/base\fontenc.sty
Package: fontenc 2021/04/29 v2.0v Standard LaTeX package
LaTeX Font Info:    Trying to load font information for T1+lmr on input line 112.
 (C:\Users\jasia\AppData\Local\Programs\MiKTeX\tex/latex/lm\t1lmr.fd
File: t1lmr.fd 2015/05/01 v1.6.1 Font defs for Latin Modern
)) (C:\Users\jasia\AppData\Local\Programs\MiKTeX\tex/latex/psnfss\helvet.sty
Package: helvet 2020/03/25 PSNFSS-v9.3 (WaS) 
 (C:\Users\jasia\AppData\Local\Programs\MiKTeX\tex/latex/graphics\keyval.sty
Package: keyval 2022/05/29 v1.15 key=value parser (DPC)
\KV@toks@=\toks17
)) (C:\Users\jasia\AppData\Local\Programs\MiKTeX\tex/latex/psnfss\mathpazo.sty
Package: mathpazo 2020/03/25 PSNFSS-v9.3 Palatino w/ Pazo Math (D.Puga, WaS) 
\symupright=\mathgroup4
) (C:\Users\jasia\AppData\Local\Programs\MiKTeX\tex/latex/geometry\geometry.sty
Package: geometry 2020/01/02 v5.9 Page Geometry
 (C:\Users\jasia\AppData\Local\Programs\MiKTeX\tex/generic/iftex\ifvtex.sty
Package: ifvtex 2019/10/25 v1.7 ifvtex legacy package. Use iftex instead.
 (C:\Users\jasia\AppData\Local\Programs\MiKTeX\tex/generic/iftex\iftex.sty
Package: iftex 2022/02/03 v1.0f TeX engine tests
))
\Gm@cnth=\count192
\Gm@cntv=\count193
\c@Gm@tempcnt=\count194
\Gm@bindingoffset=\dimen141
\Gm@wd@mp=\dimen142
\Gm@odd@mp=\dimen143
\Gm@even@mp=\dimen144
\Gm@layoutwidth=\dimen145
\Gm@layoutheight=\dimen146
\Gm@layouthoffset=\dimen147
\Gm@layoutvoffset=\dimen148
\Gm@dimlist=\toks18
 (C:\Users\jasia\AppData\Local\Programs\MiKTeX\tex/latex/geometry\geometry.cfg)) (C:\Users\jasia\AppData\Local\Programs\MiKTeX\tex/latex/tools\indentfirst.sty
Package: indentfirst 2023/07/02 v1.03 Indent first paragraph (DPC)
) (C:\Users\jasia\AppData\Local\Programs\MiKTeX\tex/latex/fancyhdr\fancyhdr.sty
Package: fancyhdr 2025/02/07 v5.2 Extensive control of page headers and footers
\f@nch@headwidth=\skip50
\f@nch@offset@elh=\skip51
\f@nch@offset@erh=\skip52
\f@nch@offset@olh=\skip53
\f@nch@offset@orh=\skip54
\f@nch@offset@elf=\skip55
\f@nch@offset@erf=\skip56
\f@nch@offset@olf=\skip57
\f@nch@offset@orf=\skip58
\f@nch@height=\skip59
\f@nch@footalignment=\skip60
\f@nch@widthL=\skip61
\f@nch@widthC=\skip62
\f@nch@widthR=\skip63
\@temptokenb=\toks19
) (C:\Users\jasia\AppData\Local\Programs\MiKTeX\tex/latex/titlesec\titlesec.sty
Package: titlesec 2025/01/04 v2.17 Sectioning titles
\ttl@box=\box51
\beforetitleunit=\skip64
\aftertitleunit=\skip65
\ttl@plus=\dimen149
\ttl@minus=\dimen150
\ttl@toksa=\toks20
\titlewidth=\dimen151
\titlewidthlast=\dimen152
\titlewidthfirst=\dimen153
) (C:\Users\jasia\AppData\Local\Programs\MiKTeX\tex/latex/titlesec\titletoc.sty
Package: titletoc 2025/01/04 v2.17 TOC entries
\ttl@leftsep=\dimen154
) (C:\Users\jasia\AppData\Local\Programs\MiKTeX\tex/latex/enumitem\enumitem.sty
Package: enumitem 2025/02/06 v3.11 Customized lists
\labelindent=\skip66
\enit@outerparindent=\dimen155
\enit@toks=\toks21
\enit@inbox=\box52
\enit@count@id=\count195
\enitdp@description=\count196
) (C:\Users\jasia\AppData\Local\Programs\MiKTeX\tex/latex/amsmath\amsmath.sty
Package: amsmath 2023/05/13 v2.17o AMS math features
\@mathmargin=\skip67

For additional information on amsmath, use the `?' option.
(C:\Users\jasia\AppData\Local\Programs\MiKTeX\tex/latex/amsmath\amstext.sty
Package: amstext 2021/08/26 v2.01 AMS text
 (C:\Users\jasia\AppData\Local\Programs\MiKTeX\tex/latex/amsmath\amsgen.sty
File: amsgen.sty 1999/11/30 v2.0 generic functions
\@emptytoks=\toks22
\ex@=\dimen156
)) (C:\Users\jasia\AppData\Local\Programs\MiKTeX\tex/latex/amsmath\amsbsy.sty
Package: amsbsy 1999/11/29 v1.2d Bold Symbols
\pmbraise@=\dimen157
) (C:\Users\jasia\AppData\Local\Programs\MiKTeX\tex/latex/amsmath\amsopn.sty
Package: amsopn 2022/04/08 v2.04 operator names
)
\inf@bad=\count197
LaTeX Info: Redefining \frac on input line 234.
\uproot@=\count198
\leftroot@=\count199
LaTeX Info: Redefining \overline on input line 399.
LaTeX Info: Redefining \colon on input line 410.
\classnum@=\count266
\DOTSCASE@=\count267
LaTeX Info: Redefining \ldots on input line 496.
LaTeX Info: Redefining \dots on input line 499.
LaTeX Info: Redefining \cdots on input line 620.
\Mathstrutbox@=\box53
\strutbox@=\box54
LaTeX Info: Redefining \big on input line 722.
LaTeX Info: Redefining \Big on input line 723.
LaTeX Info: Redefining \bigg on input line 724.
LaTeX Info: Redefining \Bigg on input line 725.
\big@size=\dimen158
LaTeX Font Info:    Redeclaring font encoding OML on input line 743.
LaTeX Font Info:    Redeclaring font encoding OMS on input line 744.
\macc@depth=\count268
LaTeX Info: Redefining \bmod on input line 905.
LaTeX Info: Redefining \pmod on input line 910.
LaTeX Info: Redefining \smash on input line 940.
LaTeX Info: Redefining \relbar on input line 970.
LaTeX Info: Redefining \Relbar on input line 971.
\c@MaxMatrixCols=\count269
\dotsspace@=\muskip16
\c@parentequation=\count270
\dspbrk@lvl=\count271
\tag@help=\toks23
\row@=\count272
\column@=\count273
\maxfields@=\count274
\andhelp@=\toks24
\eqnshift@=\dimen159
\alignsep@=\dimen160
\tagshift@=\dimen161
\tagwidth@=\dimen162
\totwidth@=\dimen163
\lineht@=\dimen164
\@envbody=\toks25
\multlinegap=\skip68
\multlinetaggap=\skip69
\mathdisplay@stack=\toks26
LaTeX Info: Redefining \[ on input line 2953.
LaTeX Info: Redefining \] on input line 2954.
) (C:\Users\jasia\AppData\Local\Programs\MiKTeX\tex/latex/amsfonts\amssymb.sty
Package: amssymb 2013/01/14 v3.01 AMS font symbols
 (C:\Users\jasia\AppData\Local\Programs\MiKTeX\tex/latex/amsfonts\amsfonts.sty
Package: amsfonts 2013/01/14 v3.01 Basic AMSFonts support
\symAMSa=\mathgroup5
\symAMSb=\mathgroup6
LaTeX Font Info:    Redeclaring math symbol \hbar on input line 98.
LaTeX Font Info:    Overwriting math alphabet `\mathfrak' in version `bold'
(Font)                  U/euf/m/n --> U/euf/b/n on input line 106.
)) (C:\Users\jasia\AppData\Local\Programs\MiKTeX\tex/latex/amscls\amsthm.sty
Package: amsthm 2020/05/29 v2.20.6
\thm@style=\toks27
\thm@bodyfont=\toks28
\thm@headfont=\toks29
\thm@notefont=\toks30
\thm@headpunct=\toks31
\thm@preskip=\skip70
\thm@postskip=\skip71
\thm@headsep=\skip72
\dth@everypar=\toks32
)
\c@definicja=\count275
 (C:\Users\jasia\AppData\Local\Programs\MiKTeX\tex/latex/graphics\graphicx.sty
Package: graphicx 2021/09/16 v1.2d Enhanced LaTeX Graphics (DPC,SPQR)
 (C:\Users\jasia\AppData\Local\Programs\MiKTeX\tex/latex/graphics\graphics.sty
Package: graphics 2022/03/10 v1.4e Standard LaTeX Graphics (DPC,SPQR)
 (C:\Users\jasia\AppData\Local\Programs\MiKTeX\tex/latex/graphics\trig.sty
Package: trig 2021/08/11 v1.11 sin cos tan (DPC)
) (C:\Users\jasia\AppData\Local\Programs\MiKTeX\tex/latex/graphics-cfg\graphics.cfg
File: graphics.cfg 2016/06/04 v1.11 sample graphics configuration
)
Package graphics Info: Driver file: xetex.def on input line 107.
 (C:\Users\jasia\AppData\Local\Programs\MiKTeX\tex/latex/graphics-def\xetex.def
File: xetex.def 2022/09/22 v5.0n Graphics/color driver for xetex
))
\Gin@req@height=\dimen165
\Gin@req@width=\dimen166
) (C:\Users\jasia\AppData\Local\Programs\MiKTeX\tex/latex/caption\caption.sty
Package: caption 2023/08/05 v3.6o Customizing captions (AR)
 (C:\Users\jasia\AppData\Local\Programs\MiKTeX\tex/latex/caption\caption3.sty
Package: caption3 2023/07/31 v2.4d caption3 kernel (AR)
\caption@tempdima=\dimen167
\captionmargin=\dimen168
\caption@leftmargin=\dimen169
\caption@rightmargin=\dimen170
\caption@width=\dimen171
\caption@indent=\dimen172
\caption@parindent=\dimen173
\caption@hangindent=\dimen174
Package caption Info: Standard document class detected.
)
\c@caption@flags=\count276
\c@continuedfloat=\count277
) (C:\Users\jasia\AppData\Local\Programs\MiKTeX\tex/latex/subfig\subfig.sty
Package: subfig 2005/06/28 ver: 1.3 subfig package
\c@KVtest=\count278
\sf@farskip=\skip73
\sf@captopadj=\dimen175
\sf@capskip=\skip74
\sf@nearskip=\skip75
\c@subfigure=\count279
\c@subfigure@save=\count280
\c@lofdepth=\count281
\c@subtable=\count282
\c@subtable@save=\count283
\c@lotdepth=\count284
\sf@top=\skip76
\sf@bottom=\skip77
) (C:\Users\jasia\AppData\Local\Programs\MiKTeX\tex/latex/fontspec\fontspec.sty (C:\Users\jasia\AppData\Local\Programs\MiKTeX\tex/latex/l3packages/xparse\xparse.sty (C:\Users\jasia\AppData\Local\Programs\MiKTeX\tex/latex/l3kernel\expl3.sty
Package: expl3 2024-01-04 L3 programming layer (loader) 
 (C:\Users\jasia\AppData\Local\Programs\MiKTeX\tex/latex/l3backend\l3backend-xetex.def
File: l3backend-xetex.def 2024-01-04 L3 backend support: XeTeX
\g__graphics_track_int=\count285
\l__pdf_internal_box=\box55
\g__pdf_backend_object_int=\count286
\g__pdf_backend_annotation_int=\count287
\g__pdf_backend_link_int=\count288
))
Package: xparse 2023-10-10 L3 Experimental document command parser
)
Package: fontspec 2022/01/15 v2.8a Font selection for XeLaTeX and LuaLaTeX
 (C:\Users\jasia\AppData\Local\Programs\MiKTeX\tex/latex/fontspec\fontspec-xetex.sty
Package: fontspec-xetex 2022/01/15 v2.8a Font selection for XeLaTeX and LuaLaTeX
\l__fontspec_script_int=\count289
\l__fontspec_language_int=\count290
\l__fontspec_strnum_int=\count291
\l__fontspec_tmp_int=\count292
\l__fontspec_tmpa_int=\count293
\l__fontspec_tmpb_int=\count294
\l__fontspec_tmpc_int=\count295
\l__fontspec_em_int=\count296
\l__fontspec_emdef_int=\count297
\l__fontspec_strong_int=\count298
\l__fontspec_strongdef_int=\count299
\l__fontspec_tmpa_dim=\dimen176
\l__fontspec_tmpb_dim=\dimen177
\l__fontspec_tmpc_dim=\dimen178
 (C:\Users\jasia\AppData\Local\Programs\MiKTeX\tex/latex/base\fontenc.sty
Package: fontenc 2021/04/29 v2.0v Standard LaTeX package
) (C:\Users\jasia\AppData\Local\Programs\MiKTeX\tex/latex/fontspec\fontspec.cfg)))

Package fontspec Info: Font family 'fonts/arial.ttf(0)' created for font
(fontspec)             'fonts/arial.ttf' with options
(fontspec)             [Ligatures=TeX,BoldFont=fonts/arialbd.ttf,ItalicFont=fonts/ariali.ttf,BoldItalicFont=fonts/arialbi.ttf].
(fontspec)              
(fontspec)              This font family consists of the following NFSS
(fontspec)             series/shapes:
(fontspec)              
(fontspec)             - 'normal' (m/n) with NFSS spec.:
(fontspec)             <->"[fonts/arial.ttf]/OT:language=dflt;mapping=tex-text;"
(fontspec)             - 'small caps'  (m/sc) with NFSS spec.: 
(fontspec)             - 'bold' (b/n) with NFSS spec.:
(fontspec)             <->"[fonts/arialbd.ttf]/OT:language=dflt;mapping=tex-text;"
(fontspec)             - 'bold small caps'  (b/sc) with NFSS spec.: 
(fontspec)             - 'italic' (m/it) with NFSS spec.:
(fontspec)             <->"[fonts/ariali.ttf]/OT:language=dflt;mapping=tex-text;"
(fontspec)             - 'italic small caps'  (m/scit) with NFSS spec.: 
(fontspec)             - 'bold italic' (b/it) with NFSS spec.:
(fontspec)             <->"[fonts/arialbi.ttf]/OT:language=dflt;mapping=tex-text;"
(fontspec)             - 'bold italic small caps'  (b/scit) with NFSS spec.: 


Package fontspec Info: Font family 'Arial(0)' created for font 'Arial' with
(fontspec)             options [Ligatures=TeX].
(fontspec)              
(fontspec)              This font family consists of the following NFSS
(fontspec)             series/shapes:
(fontspec)              
(fontspec)             - 'normal' (m/n) with NFSS spec.:
(fontspec)             <->"Arial/OT:script=latn;language=dflt;mapping=tex-text;"
(fontspec)             - 'small caps'  (m/sc) with NFSS spec.:
(fontspec)             <->"Arial/OT:script=latn;language=dflt;+smcp;mapping=tex-text;"
(fontspec)             - 'bold' (b/n) with NFSS spec.:
(fontspec)             <->"Arial/B/OT:script=latn;language=dflt;mapping=tex-text;"
(fontspec)             - 'bold small caps'  (b/sc) with NFSS spec.:
(fontspec)             <->"Arial/B/OT:script=latn;language=dflt;+smcp;mapping=tex-text;"
(fontspec)             - 'italic' (m/it) with NFSS spec.:
(fontspec)             <->"Arial/I/OT:script=latn;language=dflt;mapping=tex-text;"
(fontspec)             - 'italic small caps'  (m/scit) with NFSS spec.:
(fontspec)             <->"Arial/I/OT:script=latn;language=dflt;+smcp;mapping=tex-text;"
(fontspec)             - 'bold italic' (b/it) with NFSS spec.:
(fontspec)             <->"Arial/BI/OT:script=latn;language=dflt;mapping=tex-text;"
(fontspec)             - 'bold italic small caps'  (b/scit) with NFSS spec.:
(fontspec)             <->"Arial/BI/OT:script=latn;language=dflt;+smcp;mapping=tex-text;"

 (C:\Users\jasia\AppData\Local\Programs\MiKTeX\tex/latex/placeins\placeins.sty
Package: placeins 2005/04/18  v 2.2
) (C:\Users\jasia\AppData\Local\Programs\MiKTeX\tex/latex/biblatex\biblatex.sty
Package: biblatex 2023/03/05 v3.19 programmable bibliographies (PK/MW)
 (C:\Users\jasia\AppData\Local\Programs\MiKTeX\tex/generic/pdftexcmds\pdftexcmds.sty
Package: pdftexcmds 2020-06-27 v0.33 Utility functions of pdfTeX for LuaTeX (HO)
 (C:\Users\jasia\AppData\Local\Programs\MiKTeX\tex/generic/infwarerr\infwarerr.sty
Package: infwarerr 2019/12/03 v1.5 Providing info/warning/error messages (HO)
) (C:\Users\jasia\AppData\Local\Programs\MiKTeX\tex/generic/ltxcmds\ltxcmds.sty
Package: ltxcmds 2023-12-04 v1.26 LaTeX kernel commands for general use (HO)
)
Package pdftexcmds Info: \pdf@primitive is available.
Package pdftexcmds Info: \pdf@ifprimitive is available.
Package pdftexcmds Info: \pdfdraftmode not found.
) (C:\Users\jasia\AppData\Local\Programs\MiKTeX\tex/latex/etoolbox\etoolbox.sty
Package: etoolbox 2020/10/05 v2.5k e-TeX tools for LaTeX (JAW)
\etb@tempcnta=\count300
) (C:\Users\jasia\AppData\Local\Programs\MiKTeX\tex/latex/kvoptions\kvoptions.sty
Package: kvoptions 2022-06-15 v3.15 Key value format for package options (HO)
 (C:\Users\jasia\AppData\Local\Programs\MiKTeX\tex/latex/kvsetkeys\kvsetkeys.sty
Package: kvsetkeys 2022-10-05 v1.19 Key value parser (HO)
)) (C:\Users\jasia\AppData\Local\Programs\MiKTeX\tex/latex/logreq\logreq.sty
Package: logreq 2010/08/04 v1.0 xml request logger
\lrq@indent=\count301
 (C:\Users\jasia\AppData\Local\Programs\MiKTeX\tex/latex/logreq\logreq.def
File: logreq.def 2010/08/04 v1.0 logreq spec v1.0
)) (C:\Users\jasia\AppData\Local\Programs\MiKTeX\tex/latex/base\ifthen.sty
Package: ifthen 2022/04/13 v1.1d Standard LaTeX ifthen package (DPC)
) (C:\Users\jasia\AppData\Local\Programs\MiKTeX\tex/latex/url\url.sty
\Urlmuskip=\muskip17
Package: url 2013/09/16  ver 3.4  Verb mode for urls, etc.
)
\c@tabx@nest=\count302
\c@listtotal=\count303
\c@listcount=\count304
\c@liststart=\count305
\c@liststop=\count306
\c@citecount=\count307
\c@citetotal=\count308
\c@multicitecount=\count309
\c@multicitetotal=\count310
\c@instcount=\count311
\c@maxnames=\count312
\c@minnames=\count313
\c@maxitems=\count314
\c@minitems=\count315
\c@citecounter=\count316
\c@maxcitecounter=\count317
\c@savedcitecounter=\count318
\c@uniquelist=\count319
\c@uniquename=\count320
\c@refsection=\count321
\c@refsegment=\count322
\c@maxextratitle=\count323
\c@maxextratitleyear=\count324
\c@maxextraname=\count325
\c@maxextradate=\count326
\c@maxextraalpha=\count327
\c@abbrvpenalty=\count328
\c@highnamepenalty=\count329
\c@lownamepenalty=\count330
\c@maxparens=\count331
\c@parenlevel=\count332
\blx@tempcnta=\count333
\blx@tempcntb=\count334
\blx@tempcntc=\count335
\c@blx@maxsection=\count336
\blx@maxsegment@0=\count337
\blx@notetype=\count338
\blx@parenlevel@text=\count339
\blx@parenlevel@foot=\count340
\blx@sectionciteorder@0=\count341
\blx@sectionciteorderinternal@0=\count342
\blx@entrysetcounter=\count343
\blx@biblioinstance=\count344
\labelnumberwidth=\skip78
\labelalphawidth=\skip79
\biblabelsep=\skip80
\bibitemsep=\skip81
\bibnamesep=\skip82
\bibinitsep=\skip83
\bibparsep=\skip84
\bibhang=\skip85
\blx@bcfin=\read2
\blx@bcfout=\write3
\blx@langwohyphens=\language79
\c@mincomprange=\count345
\c@maxcomprange=\count346
\c@mincompwidth=\count347
Package biblatex Info: Trying to load biblatex default data model...
Package biblatex Info: ... file 'blx-dm.def' found.
 (C:\Users\jasia\AppData\Local\Programs\MiKTeX\tex/latex/biblatex\blx-dm.def
File: blx-dm.def 2023/03/05 v3.19 biblatex localization (PK/MW)
)
Package biblatex Info: Trying to load biblatex style data model...
Package biblatex Info: ... file 'numeric.dbx' not found.
Package biblatex Info: Trying to load biblatex custom data model...
Package biblatex Info: ... file 'biblatex-dm.cfg' not found.
\c@afterword=\count348
\c@savedafterword=\count349
\c@annotator=\count350
\c@savedannotator=\count351
\c@author=\count352
\c@savedauthor=\count353
\c@bookauthor=\count354
\c@savedbookauthor=\count355
\c@commentator=\count356
\c@savedcommentator=\count357
\c@editor=\count358
\c@savededitor=\count359
\c@editora=\count360
\c@savededitora=\count361
\c@editorb=\count362
\c@savededitorb=\count363
\c@editorc=\count364
\c@savededitorc=\count365
\c@foreword=\count366
\c@savedforeword=\count367
\c@holder=\count368
\c@savedholder=\count369
\c@introduction=\count370
\c@savedintroduction=\count371
\c@namea=\count372
\c@savednamea=\count373
\c@nameb=\count374
\c@savednameb=\count375
\c@namec=\count376
\c@savednamec=\count377
\c@translator=\count378
\c@savedtranslator=\count379
\c@shortauthor=\count380
\c@savedshortauthor=\count381
\c@shorteditor=\count382
\c@savedshorteditor=\count383
\c@labelname=\count384
\c@savedlabelname=\count385
\c@institution=\count386
\c@savedinstitution=\count387
\c@lista=\count388
\c@savedlista=\count389
\c@listb=\count390
\c@savedlistb=\count391
\c@listc=\count392
\c@savedlistc=\count393
\c@listd=\count394
\c@savedlistd=\count395
\c@liste=\count396
\c@savedliste=\count397
\c@listf=\count398
\c@savedlistf=\count399
\c@location=\count400
\c@savedlocation=\count401
\c@organization=\count402
\c@savedorganization=\count403
\c@origlocation=\count404
\c@savedoriglocation=\count405
\c@origpublisher=\count406
\c@savedorigpublisher=\count407
\c@publisher=\count408
\c@savedpublisher=\count409
\c@language=\count410
\c@savedlanguage=\count411
\c@origlanguage=\count412
\c@savedoriglanguage=\count413
\c@pageref=\count414
\c@savedpageref=\count415
\shorthandwidth=\skip86
\shortjournalwidth=\skip87
\shortserieswidth=\skip88
\shorttitlewidth=\skip89
\shortauthorwidth=\skip90
\shorteditorwidth=\skip91
\locallabelnumberwidth=\skip92
\locallabelalphawidth=\skip93
\localshorthandwidth=\skip94
\localshortjournalwidth=\skip95
\localshortserieswidth=\skip96
\localshorttitlewidth=\skip97
\localshortauthorwidth=\skip98
\localshorteditorwidth=\skip99
Package biblatex Info: Trying to load enhanced support for Unicode engines...
Package biblatex Info: ... file 'blx-unicode.def' found.
 (C:\Users\jasia\AppData\Local\Programs\MiKTeX\tex/latex/biblatex\blx-unicode.def)
Package biblatex Info: Trying to load compatibility code...
Package biblatex Info: ... file 'blx-compat.def' found.
 (C:\Users\jasia\AppData\Local\Programs\MiKTeX\tex/latex/biblatex\blx-compat.def
File: blx-compat.def 2023/03/05 v3.19 biblatex compatibility (PK/MW)
)
Package biblatex Info: Trying to load generic definitions...
Package biblatex Info: ... file 'biblatex.def' found.
 (C:\Users\jasia\AppData\Local\Programs\MiKTeX\tex/latex/biblatex\biblatex.def
File: biblatex.def 2023/03/05 v3.19 biblatex compatibility (PK/MW)
\c@textcitecount=\count416
\c@textcitetotal=\count417
\c@textcitemaxnames=\count418
\c@biburlbigbreakpenalty=\count419
\c@biburlbreakpenalty=\count420
\c@biburlnumpenalty=\count421
\c@biburlucpenalty=\count422
\c@biburllcpenalty=\count423
\biburlbigskip=\muskip18
\biburlnumskip=\muskip19
\biburlucskip=\muskip20
\biburllcskip=\muskip21
\c@smartand=\count424
)
Package biblatex Info: Trying to load bibliography style 'ieee'...
Package biblatex Info: ... file 'ieee.bbx' found.
 (C:\Users\jasia\AppData\Local\Programs\MiKTeX\tex/latex/biblatex-ieee\ieee.bbx
File: ieee.bbx 2025-08-01 v1.4f biblatex bibliography style
Package biblatex Info: Trying to load bibliography style 'numeric-comp'...
Package biblatex Info: ... file 'numeric-comp.bbx' found.
 (C:\Users\jasia\AppData\Local\Programs\MiKTeX\tex/latex/biblatex/bbx\numeric-comp.bbx
File: numeric-comp.bbx 2023/03/05 v3.19 biblatex bibliography style (PK/MW)
Package biblatex Info: Trying to load bibliography style 'numeric'...
Package biblatex Info: ... file 'numeric.bbx' found.
 (C:\Users\jasia\AppData\Local\Programs\MiKTeX\tex/latex/biblatex/bbx\numeric.bbx
File: numeric.bbx 2023/03/05 v3.19 biblatex bibliography style (PK/MW)
Package biblatex Info: Trying to load bibliography style 'standard'...
Package biblatex Info: ... file 'standard.bbx' found.
 (C:\Users\jasia\AppData\Local\Programs\MiKTeX\tex/latex/biblatex/bbx\standard.bbx
File: standard.bbx 2023/03/05 v3.19 biblatex bibliography style (PK/MW)
\c@bbx:relatedcount=\count425
\c@bbx:relatedtotal=\count426
))))
Package biblatex Info: Trying to load citation style 'numeric'...
Package biblatex Info: ... file 'numeric.cbx' found.
 (C:\Users\jasia\AppData\Local\Programs\MiKTeX\tex/latex/biblatex/cbx\numeric.cbx
File: numeric.cbx 2023/03/05 v3.19 biblatex citation style (PK/MW)
Package biblatex Info: Redefining '\cite'.
Package biblatex Info: Redefining '\parencite'.
Package biblatex Info: Redefining '\footcite'.
Package biblatex Info: Redefining '\footcitetext'.
Package biblatex Info: Redefining '\smartcite'.
Package biblatex Info: Redefining '\supercite'.
Package biblatex Info: Redefining '\textcite'.
Package biblatex Info: Redefining '\textcites'.
Package biblatex Info: Redefining '\cites'.
Package biblatex Info: Redefining '\parencites'.
Package biblatex Info: Redefining '\smartcites'.
)
Package biblatex Info: Trying to load configuration file...
Package biblatex Info: ... file 'biblatex.cfg' found.
 (C:\Users\jasia\AppData\Local\Programs\MiKTeX\tex/latex/biblatex\biblatex.cfg
File: biblatex.cfg 
)
Package biblatex Info: XeTeX detected.
(biblatex)             Assuming input encoding 'utf8'.
Package biblatex Info: Document encoding is UTF8 ....
Package biblatex Info: ... and expl3
(biblatex)             2024-01-04 L3 programming layer (loader) 
(biblatex)             is new enough (at least 2020/04/06),
(biblatex)             setting 'casechanger=expl3'.
 (C:\Users\jasia\AppData\Local\Programs\MiKTeX\tex/latex/biblatex\blx-case-expl3.sty
Package: blx-case-expl3 2023/03/05 v3.19 expl3 case changing code for biblatex
))) (C:\Users\jasia\AppData\Local\Programs\MiKTeX\tex/generic/babel\babel.sty
Package: babel 2024/01/07 v24.1 The Babel package
\babel@savecnt=\count427
\U@D=\dimen179
\l@unhyphenated=\language80
 (C:\Users\jasia\AppData\Local\Programs\MiKTeX\tex/generic/babel\xebabel.def)
\bbl@readstream=\read3
\bbl@dirlevel=\count428

*************************************
* Local config file bblopts.cfg used
*
(C:\Users\jasia\AppData\Local\Programs\MiKTeX\tex/latex/arabi\bblopts.cfg
File: bblopts.cfg 2005/09/08 v0.1 add Arabic and Farsi to "declared" options of babel
) (C:\Users\jasia\AppData\Local\Programs\MiKTeX\tex/latex/babel-polish\polish.ldf
Language: polish 2022/03/12 1.3 Babel support for Polish
Package babel Info: Making " an active character on input line 101.
)) (C:\Users\jasia\AppData\Local\Programs\MiKTeX\tex/generic/babel/locale/pl\babel-polish.tex
Package babel Info: Importing font and identification data for polish
(babel)             from babel-pl.ini. Reported on input line 11.
) (C:\Users\jasia\AppData\Local\Programs\MiKTeX\tex/latex/float\float.sty
Package: float 2001/11/08 v1.3d Float enhancements (AL)
\c@float@type=\count429
\float@exts=\toks33
\float@box=\box56
\@float@everytoks=\toks34
\@floatcapt=\box57
) (C:\Users\jasia\AppData\Local\Programs\MiKTeX\tex/latex/hyperref\hyperref.sty
Package: hyperref 2023-11-26 v7.01g Hypertext links for LaTeX
 (C:\Users\jasia\AppData\Local\Programs\MiKTeX\tex/generic/kvdefinekeys\kvdefinekeys.sty
Package: kvdefinekeys 2019-12-19 v1.6 Define keys (HO)
) (C:\Users\jasia\AppData\Local\Programs\MiKTeX\tex/generic/pdfescape\pdfescape.sty
Package: pdfescape 2019/12/09 v1.15 Implements pdfTeX's escape features (HO)
) (C:\Users\jasia\AppData\Local\Programs\MiKTeX\tex/latex/hycolor\hycolor.sty
Package: hycolor 2020-01-27 v1.10 Color options for hyperref/bookmark (HO)
) (C:\Users\jasia\AppData\Local\Programs\MiKTeX\tex/latex/letltxmacro\letltxmacro.sty
Package: letltxmacro 2019/12/03 v1.6 Let assignment for LaTeX macros (HO)
) (C:\Users\jasia\AppData\Local\Programs\MiKTeX\tex/latex/auxhook\auxhook.sty
Package: auxhook 2019-12-17 v1.6 Hooks for auxiliary files (HO)
) (C:\Users\jasia\AppData\Local\Programs\MiKTeX\tex/latex/hyperref\nameref.sty
Package: nameref 2023-11-26 v2.56 Cross-referencing by name of section
 (C:\Users\jasia\AppData\Local\Programs\MiKTeX\tex/latex/refcount\refcount.sty
Package: refcount 2019/12/15 v3.6 Data extraction from label references (HO)
) (C:\Users\jasia\AppData\Local\Programs\MiKTeX\tex/generic/gettitlestring\gettitlestring.sty
Package: gettitlestring 2019/12/15 v1.6 Cleanup title references (HO)
)
\c@section@level=\count430
)
\@linkdim=\dimen180
\Hy@linkcounter=\count431
\Hy@pagecounter=\count432
 (C:\Users\jasia\AppData\Local\Programs\MiKTeX\tex/latex/hyperref\pd1enc.def
File: pd1enc.def 2023-11-26 v7.01g Hyperref: PDFDocEncoding definition (HO)
) (C:\Users\jasia\AppData\Local\Programs\MiKTeX\tex/generic/intcalc\intcalc.sty
Package: intcalc 2019/12/15 v1.3 Expandable calculations with integers (HO)
)
\Hy@SavedSpaceFactor=\count433
 (C:\Users\jasia\AppData\Local\Programs\MiKTeX\tex/latex/hyperref\puenc.def
File: puenc.def 2023-11-26 v7.01g Hyperref: PDF Unicode definition (HO)
)
Package hyperref Info: Option `unicode' set `true' on input line 4064.
Package hyperref Info: Hyper figures OFF on input line 4181.
Package hyperref Info: Link nesting OFF on input line 4186.
Package hyperref Info: Hyper index ON on input line 4189.
Package hyperref Info: Plain pages OFF on input line 4196.
Package hyperref Info: Backreferencing OFF on input line 4201.
Package hyperref Info: Implicit mode ON; LaTeX internals redefined.
Package hyperref Info: Bookmarks ON on input line 4448.
\c@Hy@tempcnt=\count434
LaTeX Info: Redefining \url on input line 4786.
\XeTeXLinkMargin=\dimen181
 (C:\Users\jasia\AppData\Local\Programs\MiKTeX\tex/generic/bitset\bitset.sty
Package: bitset 2019/12/09 v1.3 Handle bit-vector datatype (HO)
 (C:\Users\jasia\AppData\Local\Programs\MiKTeX\tex/generic/bigintcalc\bigintcalc.sty
Package: bigintcalc 2019/12/15 v1.5 Expandable calculations on big integers (HO)
))
\Fld@menulength=\count435
\Field@Width=\dimen182
\Fld@charsize=\dimen183
Package hyperref Info: Hyper figures OFF on input line 6065.
Package hyperref Info: Link nesting OFF on input line 6070.
Package hyperref Info: Hyper index ON on input line 6073.
Package hyperref Info: backreferencing OFF on input line 6080.
Package hyperref Info: Link coloring OFF on input line 6085.
Package hyperref Info: Link coloring with OCG OFF on input line 6090.
Package hyperref Info: PDF/A mode OFF on input line 6095.
 (C:\Users\jasia\AppData\Local\Programs\MiKTeX\tex/latex/base\atbegshi-ltx.sty
Package: atbegshi-ltx 2021/01/10 v1.0c Emulation of the original atbegshi
package with kernel methods
)
\Hy@abspage=\count436
\c@Item=\count437
\c@Hfootnote=\count438
)
Package hyperref Info: Driver (autodetected): hxetex.
 (C:\Users\jasia\AppData\Local\Programs\MiKTeX\tex/latex/hyperref\hxetex.def
File: hxetex.def 2023-11-26 v7.01g Hyperref driver for XeTeX
 (C:\Users\jasia\AppData\Local\Programs\MiKTeX\tex/generic/stringenc\stringenc.sty
Package: stringenc 2019/11/29 v1.12 Convert strings between diff. encodings (HO)
)
\pdfm@box=\box58
\c@Hy@AnnotLevel=\count439
\HyField@AnnotCount=\count440
\Fld@listcount=\count441
\c@bookmark@seq@number=\count442
 (C:\Users\jasia\AppData\Local\Programs\MiKTeX\tex/latex/rerunfilecheck\rerunfilecheck.sty
Package: rerunfilecheck 2022-07-10 v1.10 Rerun checks for auxiliary files (HO)
 (C:\Users\jasia\AppData\Local\Programs\MiKTeX\tex/latex/base\atveryend-ltx.sty
Package: atveryend-ltx 2020/08/19 v1.0a Emulation of the original atveryend package
with kernel methods
) (C:\Users\jasia\AppData\Local\Programs\MiKTeX\tex/generic/uniquecounter\uniquecounter.sty
Package: uniquecounter 2019/12/15 v1.4 Provide unlimited unique counter (HO)
)
Package uniquecounter Info: New unique counter `rerunfilecheck' on input line 285.
)
\Hy@SectionHShift=\skip100
)

Package biblatex Warning: 'babel/polyglossia' detected but 'csquotes' missing.
(biblatex)                Loading 'csquotes' recommended.

\@quotelevel=\count443
\@quotereset=\count444
(PracaMagisterka.aux (chapters/0a_streszczenie.aux) (chapters/0b_spis_tresci.aux) (chapters/0c_wykaz_skrotow.aux) (chapters/1_wstep.aux) (chapters/2_wprowadzenie_do_dziedziny.aux) (chapters/3_analiza_istniejacych_rozwiazan.aux) (chapters/4_projekt_systemu.aux) (chapters/5_technologie_i_narzedzia.aux) (chapters/11_organizacja_pracy.aux) (chapters/9_zagadki_teoretyczne.aux) (chapters/10_zagadki_praktyczne.aux) (chapters/7_podsumowanie.aux) (chapters/8_wykazy.aux))
\openout1 = `PracaMagisterka.aux'.

LaTeX Font Info:    Checking defaults for OML/cmm/m/it on input line 27.
LaTeX Font Info:    ... okay on input line 27.
LaTeX Font Info:    Checking defaults for OMS/cmsy/m/n on input line 27.
LaTeX Font Info:    ... okay on input line 27.
LaTeX Font Info:    Checking defaults for OT1/cmr/m/n on input line 27.
LaTeX Font Info:    ... okay on input line 27.
LaTeX Font Info:    Checking defaults for T1/cmr/m/n on input line 27.
LaTeX Font Info:    ... okay on input line 27.
LaTeX Font Info:    Checking defaults for TS1/cmr/m/n on input line 27.
LaTeX Font Info:    Trying to load font information for TS1+cmr on input line 27.
 (C:\Users\jasia\AppData\Local\Programs\MiKTeX\tex/latex/base\ts1cmr.fd
File: ts1cmr.fd 2023/04/13 v2.5m Standard LaTeX font definitions
)
LaTeX Font Info:    ... okay on input line 27.
LaTeX Font Info:    Checking defaults for TU/lmr/m/n on input line 27.
LaTeX Font Info:    ... okay on input line 27.
LaTeX Font Info:    Checking defaults for OMX/cmex/m/n on input line 27.
LaTeX Font Info:    ... okay on input line 27.
LaTeX Font Info:    Checking defaults for U/cmr/m/n on input line 27.
LaTeX Font Info:    ... okay on input line 27.
LaTeX Font Info:    Checking defaults for PD1/pdf/m/n on input line 27.
LaTeX Font Info:    ... okay on input line 27.
LaTeX Font Info:    Checking defaults for PU/pdf/m/n on input line 27.
LaTeX Font Info:    ... okay on input line 27.

*geometry* driver: auto-detecting
*geometry* detected driver: xetex
*geometry* verbose mode - [ preamble ] result:
* driver: xetex
* paper: a4paper
* layout: <same size as paper>
* layoutoffset:(h,v)=(0.0pt,0.0pt)
* bindingoffset: 28.45274pt
* modes: twoside 
* h-part:(L,W,R)=(71.13188pt, 426.79137pt, 71.13188pt)
* v-part:(T,H,B)=(71.13188pt, 702.78308pt, 71.13188pt)
* \paperwidth=597.50787pt
* \paperheight=845.04684pt
* \textwidth=426.79137pt
* \textheight=702.78308pt
* \oddsidemargin=27.31464pt
* \evensidemargin=-1.1381pt
* \topmargin=-38.1381pt
* \headheight=12.0pt
* \headsep=25.0pt
* \topskip=10.0pt
* \footskip=30.0pt
* \marginparwidth=111.0pt
* \marginparsep=11.0pt
* \columnsep=10.0pt
* \skip\footins=9.0pt plus 4.0pt minus 2.0pt
* \hoffset=0.0pt
* \voffset=0.0pt
* \mag=1000
* \@twocolumnfalse
* \@twosidetrue
* \@mparswitchtrue
* \@reversemarginfalse
* (1in=72.27pt=25.4mm, 1cm=28.453pt)

Package caption Info: Begin \AtBeginDocument code.
Package caption Info: subfig package v1.3 is loaded.
Package caption Info: float package is loaded.
Package caption Info: hyperref package is loaded.
Package caption Info: End \AtBeginDocument code.
Package biblatex Info: Trying to load language 'polish'...
Package biblatex Info: ... file 'polish.lbx' found.
(C:\Users\jasia\AppData\Local\Programs\MiKTeX\tex/latex/biblatex/lbx\polish.lbx
File: polish.lbx 2023/03/05 v3.19 biblatex localization (PK/MW)
)
Package biblatex Info: XeTeX detected.
(biblatex)             Assuming input encoding 'utf8'.
Package biblatex Info: Automatic encoding selection.
(biblatex)             Assuming data encoding 'utf8'.
\openout3 = `PracaMagisterka.bcf'.

Package biblatex Info: Trying to load bibliographic data...
Package biblatex Info: ... file 'PracaMagisterka.bbl' found.
 (PracaMagisterka.bbl)
Package biblatex Info: Reference section=0 on input line 27.
Package biblatex Info: Reference segment=0 on input line 27.
Package hyperref Info: Link coloring OFF on input line 27.
 (PracaMagisterka.out) (PracaMagisterka.out)
\@outlinefile=\write4
\openout4 = `PracaMagisterka.out'.

\openout2 = `chapters/0a_streszczenie.aux'.

 (chapters/0a_streszczenie.tex [1



]) [2

]
\openout2 = `chapters/0b_spis_tresci.aux'.

 (chapters/0b_spis_tresci.tex (PracaMagisterka.toc [3




]
Overfull \hbox (2.24121pt too wide) detected at line 75
\TU/Arial(0)/m/n/10 7.10. 
 []


Overfull \hbox (0.58105pt too wide) detected at line 76
\TU/Arial(0)/m/n/10 7.10.1. 
 []


Overfull \hbox (0.58105pt too wide) detected at line 77
\TU/Arial(0)/m/n/10 7.10.2. 
 []


Overfull \hbox (0.58105pt too wide) detected at line 78
\TU/Arial(0)/m/n/10 7.10.3. 
 []


Overfull \hbox (1.49902pt too wide) detected at line 79
\TU/Arial(0)/m/n/10 7.11. 
 []


Overfull \hbox (2.24121pt too wide) detected at line 83
\TU/Arial(0)/m/n/10 7.12. 
 []


Overfull \hbox (0.58105pt too wide) detected at line 84
\TU/Arial(0)/m/n/10 7.12.1. 
 []


Overfull \hbox (0.58105pt too wide) detected at line 85
\TU/Arial(0)/m/n/10 7.12.2. 
 []


Overfull \hbox (0.58105pt too wide) detected at line 86
\TU/Arial(0)/m/n/10 7.12.3. 
 []

[4]
Overfull \hbox (2.24121pt too wide) detected at line 87
\TU/Arial(0)/m/n/10 7.13. 
 []


Overfull \hbox (0.58105pt too wide) detected at line 88
\TU/Arial(0)/m/n/10 7.13.1. 
 []


Overfull \hbox (0.58105pt too wide) detected at line 89
\TU/Arial(0)/m/n/10 7.13.2. 
 []


Overfull \hbox (0.58105pt too wide) detected at line 90
\TU/Arial(0)/m/n/10 7.13.3. 
 []

[5]
Overfull \hbox (2.24121pt too wide) detected at line 140
\TU/Arial(0)/m/n/10 8.10. 
 []


Overfull \hbox (0.58105pt too wide) detected at line 141
\TU/Arial(0)/m/n/10 8.10.1. 
 []


Overfull \hbox (1.49902pt too wide) detected at line 146
\TU/Arial(0)/m/n/10 8.11. 
 []


Overfull \hbox (2.24121pt too wide) detected at line 147
\TU/Arial(0)/m/n/10 8.12. 
 []


Overfull \hbox (0.58105pt too wide) detected at line 148
\TU/Arial(0)/m/n/10 8.12.1. 
 []


Overfull \hbox (0.58105pt too wide) detected at line 149
\TU/Arial(0)/m/n/10 8.12.2. 
 []


Overfull \hbox (0.58105pt too wide) detected at line 154
\TU/Arial(0)/m/n/10 8.12.3. 
 []


Overfull \hbox (2.24121pt too wide) detected at line 155
\TU/Arial(0)/m/n/10 8.13. 
 []


Overfull \hbox (0.58105pt too wide) detected at line 156
\TU/Arial(0)/m/n/10 8.13.1. 
 []


Overfull \hbox (0.58105pt too wide) detected at line 157
\TU/Arial(0)/m/n/10 8.13.2. 
 []


Overfull \hbox (0.58105pt too wide) detected at line 158
\TU/Arial(0)/m/n/10 8.13.3. 
 []

)
\tf@toc=\write5
\openout5 = `PracaMagisterka.toc'.

) [6]
\openout2 = `chapters/0c_wykaz_skrotow.aux'.

 (chapters/0c_wykaz_skrotow.tex) [7




]
\openout2 = `chapters/1_wstep.aux'.

 (chapters/1_wstep.tex
Rozdział 1.
[8




]
LaTeX Font Info:    Trying to load font information for OT1+ppl on input line 31.
 (C:\Users\jasia\AppData\Local\Programs\MiKTeX\tex/latex/psnfss\ot1ppl.fd
File: ot1ppl.fd 2001/06/04 font definitions for OT1/ppl.
)
LaTeX Font Info:    Trying to load font information for OML+zplm on input line 31.
 (C:\Users\jasia\AppData\Local\Programs\MiKTeX\tex/latex/psnfss\omlzplm.fd
File: omlzplm.fd 2002/09/08 Fontinst v1.914 font definitions for OML/zplm.
)
LaTeX Font Info:    Trying to load font information for OMS+zplm on input line 31.
 (C:\Users\jasia\AppData\Local\Programs\MiKTeX\tex/latex/psnfss\omszplm.fd
File: omszplm.fd 2002/09/08 Fontinst v1.914 font definitions for OMS/zplm.
)
LaTeX Font Info:    Trying to load font information for OMX+zplm on input line 31.
 (C:\Users\jasia\AppData\Local\Programs\MiKTeX\tex/latex/psnfss\omxzplm.fd
File: omxzplm.fd 2002/09/08 Fontinst v1.914 font definitions for OMX/zplm.
)
LaTeX Font Info:    Trying to load font information for OT1+zplm on input line 31.
 (C:\Users\jasia\AppData\Local\Programs\MiKTeX\tex/latex/psnfss\ot1zplm.fd
File: ot1zplm.fd 2002/09/08 Fontinst v1.914 font definitions for OT1/zplm.
)
LaTeX Font Info:    Font shape `U/msa/m/n' will be
(Font)              scaled to size 10.42007pt on input line 31.
LaTeX Font Info:    Font shape `U/msa/m/n' will be
(Font)              scaled to size 7.91925pt on input line 31.
LaTeX Font Info:    Font shape `U/msa/m/n' will be
(Font)              scaled to size 6.25204pt on input line 31.
LaTeX Font Info:    Font shape `U/msb/m/n' will be
(Font)              scaled to size 10.42007pt on input line 31.
LaTeX Font Info:    Font shape `U/msb/m/n' will be
(Font)              scaled to size 7.91925pt on input line 31.
LaTeX Font Info:    Font shape `U/msb/m/n' will be
(Font)              scaled to size 6.25204pt on input line 31.
) [9]
\openout2 = `chapters/2_wprowadzenie_do_dziedziny.aux'.

 (chapters/2_wprowadzenie_do_dziedziny.tex
Rozdział 2.
[10




] [11]
Underfull \vbox (badness 6876) has occurred while \output is active []

 [12] [13]
Overfull \hbox (3.18172pt too wide) in paragraph at lines 87--88
[]\TU/Arial(0)/m/n/10 W przypadku zastosowań wirtualnej rzeczywistości, interaktywność przybiera różnorodne formy
 []

) [14]
\openout2 = `chapters/3_analiza_istniejacych_rozwiazan.aux'.

 (chapters/3_analiza_istniejacych_rozwiazan.tex
Rozdział 3.

Overfull \hbox (1.16768pt too wide) in paragraph at lines 7--9
[]\TU/Arial(0)/m/n/10 Wirtualny pokój zagadek z zakresu matematyki został opracowany na potrzeby publikacji w „Ze-
 []

) [15




] [16]
\openout2 = `chapters/4_projekt_systemu.aux'.

 (chapters/4_projekt_systemu.tex
Rozdział 4.
[17




] [18]) [19]
\openout2 = `chapters/5_technologie_i_narzedzia.aux'.

 (chapters/5_technologie_i_narzedzia.tex
Rozdział 5.

Overfull \hbox (4.52684pt too wide) in paragraph at lines 28--32
[]\TU/Arial(0)/m/n/10 W procesie tworzenia aplikacji konieczne było opracowanie modeli 3D reprezentujących obiekty,
 []

[20




]) [21]
\openout2 = `chapters/11_organizacja_pracy.aux'.

 (chapters/11_organizacja_pracy.tex
Rozdział 6.
File: images/git_issues.png Graphic file (type bmp)
<images/git_issues.png>
[22




]
Overfull \hbox (1.12523pt too wide) in paragraph at lines 69--75
[]\TU/Arial(0)/m/n/10 W celu spełnienia zasady [][]\TU/lmtt/m/n/9 Require a pull request before merging []\TU/Arial(0)/m/n/10 każda wprowadzana zmiana
 []

[23]
File: images/git_merged.png Graphic file (type bmp)
<images/git_merged.png>
 [24]
Overfull \hbox (6.21649pt too wide) in paragraph at lines 121--125
\TU/Arial(0)/m/n/10 projekcie zastosowano narzędzie internetowe, służące do wizualizacji wykonywanych zadań. Każdy
 []

File: images/kanban_nasze.png Graphic file (type bmp)
<images/kanban_nasze.png>

Overfull \hbox (3.20444pt too wide) in paragraph at lines 135--139
[]\TU/Arial(0)/m/n/10 Kolejnym, charakterystycznym elementem metodyki Kanban jest kontrola przepływu [[]11[]]. Dzięki
 []

) [25]
\openout2 = `chapters/9_zagadki_teoretyczne.aux'.

 (chapters/9_zagadki_teoretyczne.tex
Rozdział 7.
File: images/wzory.png Graphic file (type bmp)
<images/wzory.png>
[26




] [27] [28]
File: images/przykładowy_wykres_funkcji.png Graphic file (type bmp)
<images/przykładowy_wykres_funkcji.png>

Underfull \vbox (badness 1577) has occurred while \output is active []

 [29]
File: images/sejf.png Graphic file (type bmp)
<images/sejf.png>

Underfull \vbox (badness 10000) has occurred while \output is active []

 [30]

Package hyperref Warning: Token not allowed in a PDF string (Unicode):
(hyperref)                removing `\\' on input line 271.

[31]

LaTeX Warning: Command \textbackslash invalid in math mode on input line 312.


LaTeX Warning: Command \textbackslash invalid in math mode on input line 313.


LaTeX Warning: Command \textbackslash invalid in math mode on input line 313.

File: images/cwiartki_ukladow_jednostkowych.png Graphic file (type bmp)
<images/cwiartki_ukladow_jednostkowych.png>
[32]
File: images/duckhunt.jpg Graphic file (type bmp)
<images/duckhunt.jpg>
 [33]
File: images/morfeus.png Graphic file (type bmp)
<images/morfeus.png>

Underfull \vbox (badness 10000) has occurred while \output is active []

 [34]
Underfull \vbox (badness 10000) has occurred while \output is active []

 [35]
File: images/Lamp.png Graphic file (type bmp)
<images/Lamp.png>
 [36]) [37]
\openout2 = `chapters/10_zagadki_praktyczne.aux'.

 (chapters/10_zagadki_praktyczne.tex
Rozdział 8.
LaTeX Font Info:    Font shape `TU/lmtt/bx/n' in size <10> not available
(Font)              Font shape `TU/lmtt/b/n' tried instead on input line 18.
[38




]
File: images/tablica.png Graphic file (type bmp)
<images/tablica.png>

Overfull \hbox (8.71785pt too wide) in paragraph at lines 81--82
[]\TU/Arial(0)/m/n/10 W obiekcie \TU/lmtt/m/n/10 BP_MathBoard \TU/Arial(0)/m/n/10 zaimplementowano również funkcję \TU/lmtt/m/n/10 AreAllSlotsFilled\TU/Arial(0)/m/n/10 , która spraw-
 []

[39]
File: images/algebraic.png Graphic file (type bmp)
<images/algebraic.png>

Overfull \hbox (6.4844pt too wide) in paragraph at lines 108--115
[]\TU/Arial(0)/m/n/10 Instrukcja zadania wyświetlana jest za pomocą blueprintu aktora \TU/lmtt/m/n/10 BP_MathText\TU/Arial(0)/m/n/10 , w którym umiesz-
 []


Overfull \hbox (11.89294pt too wide) in paragraph at lines 118--119
[]\TU/Arial(0)/m/n/10 Po rozpoczęciu zadania gracz znajduje się w pokoju i widzi na panelu informacyjnym \TU/lmtt/m/n/10 BP_MathText
 []


Overfull \hbox (0.62079pt too wide) in paragraph at lines 120--121
[]\TU/Arial(0)/m/n/10 „Połącz odpowiednie początki i końce wzorów skróconego mnożenia. Przeciągnij klocki
 []

[40]
Overfull \hbox (1.74384pt too wide) in paragraph at lines 154--160
\TU/Arial(0)/m/n/10 problemów. Przede wszystkim zauważono, że odpowiedzi są zero-jedynkowe. Przykładowo: uczeń
 []

[41]
File: images/planimetreia_UML.png Graphic file (type bmp)
<images/planimetreia_UML.png>
 [42]
File: images/planimetria_FLOW.png Graphic file (type bmp)
<images/planimetria_FLOW.png>

Underfull \vbox (badness 10000) has occurred while \output is active []

 [43]
File: images/punkt_kontrolny_pokoj_3.png Graphic file (type bmp)
<images/punkt_kontrolny_pokoj_3.png>
 [44]
File: images/rozwiazanie1_pokoj_3.png Graphic file (type bmp)
<images/rozwiazanie1_pokoj_3.png>
LaTeX Font Info:    Font shape `U/msa/m/n' will be
(Font)              scaled to size 9.37807pt on input line 319.
LaTeX Font Info:    Font shape `U/msa/m/n' will be
(Font)              scaled to size 7.29405pt on input line 319.
LaTeX Font Info:    Font shape `U/msa/m/n' will be
(Font)              scaled to size 5.21004pt on input line 319.
LaTeX Font Info:    Font shape `U/msb/m/n' will be
(Font)              scaled to size 9.37807pt on input line 319.
LaTeX Font Info:    Font shape `U/msb/m/n' will be
(Font)              scaled to size 7.29405pt on input line 319.
LaTeX Font Info:    Font shape `U/msb/m/n' will be
(Font)              scaled to size 5.21004pt on input line 319.
File: images/rozwiazanie2_pokoj_3.png Graphic file (type bmp)
<images/rozwiazanie2_pokoj_3.png>
File: images/rozwiazanie3_pokoj_3.png Graphic file (type bmp)
<images/rozwiazanie3_pokoj_3.png>
File: images/pozycja_poczatkowa_pokoj_3.png Graphic file (type bmp)
<images/pozycja_poczatkowa_pokoj_3.png>
File: images/przyciski_pokoj_3.png Graphic file (type bmp)
<images/przyciski_pokoj_3.png>
File: images/wygrana_pokoj_3.png Graphic file (type bmp)
<images/wygrana_pokoj_3.png>
 [45] [46] [47]
File: images/uklad_wspolrzednych_pokoj_4.png Graphic file (type bmp)
<images/uklad_wspolrzednych_pokoj_4.png>
File: images/wszystkie_suwaki_pokoj_4.png Graphic file (type bmp)
<images/wszystkie_suwaki_pokoj_4.png>

Underfull \vbox (badness 10000) has occurred while \output is active []

 [48]
Overfull \hbox (12.13773pt too wide) in paragraph at lines 531--536
[]\TU/Arial(0)/m/n/10 Podobnie jak w przypadku czwartej zagadki, zadanie rozpoczyna się zainicjalizowaniem i wstępną
 []

[49]
File: images/uklad_wspolrzednych_pokoj_5.png Graphic file (type bmp)
<images/uklad_wspolrzednych_pokoj_5.png>
File: images/przyciski_x_pokoj_5.png Graphic file (type bmp)
<images/przyciski_x_pokoj_5.png>
 [50]
Overfull \hbox (6.26988pt too wide) in paragraph at lines 580--584
[]\TU/Arial(0)/m/n/10 Następnie treść wybranej zagadki wyświetlana jest za pomocą blueprintu aktora \TU/lmtt/m/n/10 BP_RiddleSafe\TU/Arial(0)/m/n/10 ,
 []

[51]
Overfull \hbox (8.71304pt too wide) in paragraph at lines 612--615
[]\TU/Arial(0)/b/n/10 Zagadka 6: \TU/Arial(0)/m/n/10 „PIN to liczba wszystkich 4-cyfrowych kodów PIN będących palindromem (ABBA).”
 []


Overfull \hbox (16.65271pt too wide) in paragraph at lines 649--654
[]\TU/Arial(0)/m/n/10 Sejf został zrealizowany jako obiekt typu Blueprint Actor. Składa się on z komponentów \TU/lmtt/m/n/10 StaticMesh
 []

File: images/sejf1.png Graphic file (type bmp)
<images/sejf1.png>

Underfull \vbox (badness 10000) has occurred while \output is active []

 [52] [53]
File: images/liczby_rzeczywiste_screen.png Graphic file (type bmp)
<images/liczby_rzeczywiste_screen.png>


LaTeX Warning: Command \textbackslash invalid in math mode on input line 738.

[54]
File: images/real_UML.png Graphic file (type bmp)
<images/real_UML.png>
 [55]
File: images/real_FLOW.png Graphic file (type bmp)
<images/real_FLOW.png>
 [56]
File: images/szesciany_pokoj_8.png Graphic file (type bmp)
<images/szesciany_pokoj_8.png>
File: images/uklad_jednostkowy_pokoj_8.png Graphic file (type bmp)
<images/uklad_jednostkowy_pokoj_8.png>
File: images/wykryto_luke_pokoj_8.png Graphic file (type bmp)
<images/wykryto_luke_pokoj_8.png>
 [57] [58] [59]
File: images/sequence_laser.png Graphic file (type bmp)
<images/sequence_laser.png>
 [60]
File: images/sequence_UML.png Graphic file (type bmp)
<images/sequence_UML.png>
File: images/sequence_FLOW.png Graphic file (type bmp)
<images/sequence_FLOW.png>
 [61] [62]
LaTeX Font Info:    Font shape `U/msa/m/n' will be
(Font)              scaled to size 8.33606pt on input line 1051.
LaTeX Font Info:    Font shape `U/msb/m/n' will be
(Font)              scaled to size 8.33606pt on input line 1051.
File: images/morpheus_before_after.png Graphic file (type bmp)
<images/morpheus_before_after.png>
File: images/container.png Graphic file (type bmp)
<images/container.png>

Underfull \vbox (badness 10000) has occurred while \output is active []

 [63

]
Underfull \vbox (badness 10000) has occurred while \output is active []

 [64] [65]
Overfull \hbox (42.74814pt too wide) in paragraph at lines 1175--1177
[]\TU/Arial(0)/m/n/10 W scenie zaimplementowano trzy kontenery w postaci obiektów typu Blueprint Actor: \TU/lmtt/m/n/10 BP_Container_Red\TU/Arial(0)/m/n/10 ,
 []

File: images/Lamp1.png Graphic file (type bmp)
<images/Lamp1.png>
[66]
File: images/stereometria_UML.png Graphic file (type bmp)
<images/stereometria_UML.png>
 [67]
File: images/stereometria_FLOW.png Graphic file (type bmp)
<images/stereometria_FLOW.png>
 [68]) [69]
\openout2 = `chapters/7_podsumowanie.aux'.

 (chapters/7_podsumowanie.tex
Rozdział 9.
) [70




]
\openout2 = `chapters/8_wykazy.aux'.

 (chapters/8_wykazy.tex

Package biblatex Warning: Bibliography string 'urldate' untranslated
(biblatex)                at entry 'github_about_git' on input line 3.


Package biblatex Warning: Bibliography string 'urldate' untranslated
(biblatex)                at entry 'github_about_issues' on input line 3.


Package biblatex Warning: Bibliography string 'urldate' untranslated
(biblatex)                at entry 'git_branches' on input line 3.


Package biblatex Warning: Bibliography string 'urldate' untranslated
(biblatex)                at entry 'git_rulesets' on input line 3.


Package biblatex Warning: Bibliography string 'urldate' untranslated
(biblatex)                at entry 'git_about_pull_requests' on input line 3.


Package biblatex Warning: Bibliography string 'urldate' untranslated
(biblatex)                at entry 'git_lfs' on input line 3.


Package biblatex Warning: Bibliography string 'urldate' untranslated
(biblatex)                at entry 'kanban' on input line 3.

[71




] (PracaMagisterka.lof [72

])
\tf@lof=\write6
\openout6 = `PracaMagisterka.lof'.

 [73] (PracaMagisterka.lot)
\tf@lot=\write7
\openout7 = `PracaMagisterka.lot'.

) [74

] (PracaMagisterka.aux (chapters/0a_streszczenie.aux) (chapters/0b_spis_tresci.aux) (chapters/0c_wykaz_skrotow.aux) (chapters/1_wstep.aux) (chapters/2_wprowadzenie_do_dziedziny.aux) (chapters/3_analiza_istniejacych_rozwiazan.aux) (chapters/4_projekt_systemu.aux) (chapters/5_technologie_i_narzedzia.aux) (chapters/11_organizacja_pracy.aux) (chapters/9_zagadki_teoretyczne.aux) (chapters/10_zagadki_praktyczne.aux) (chapters/7_podsumowanie.aux) (chapters/8_wykazy.aux))
 ***********
LaTeX2e <2023-11-01> patch level 1
L3 programming layer <2024-01-04>
 ***********
Package rerunfilecheck Info: File `PracaMagisterka.out' has not changed.
(rerunfilecheck)             Checksum: 7C330A573AB70CC16789C31A590B7F80;32736.
Package logreq Info: Writing requests to 'PracaMagisterka.run.xml'.
\openout1 = `PracaMagisterka.run.xml'.

 ) 
Here is how much of TeX's memory you used:
 24584 strings out of 409617
 484112 string characters out of 5774012
 1941191 words of memory out of 5000000
 46252 multiletter control sequences out of 15000+600000
 577793 words of font info for 123 fonts, out of 8000000 for 9000
 1348 hyphenation exceptions out of 8191
 94i,12n,107p,1334b,4836s stack positions out of 10000i,1000n,20000p,200000b,200000s

Output written on PracaMagisterka.xdv (74 pages, 1614052 bytes).
